[0.010s] Invoking command in '/home/jaewoong/go2_ws/src/serial_joy_receiver/build/serial_joy_receiver': CMAKE_PREFIX_PATH=${CMAKE_PREFIX_PATH}:/home/jaewoong/go2_ws/install/go2_imu_bridge:/opt/ros/humble /usr/bin/cmake /home/jaewoong/go2_ws/src/serial_joy_receiver -DCMAKE_INSTALL_PREFIX=/home/jaewoong/go2_ws/src/serial_joy_receiver/install/serial_joy_receiver
[0.022s] -- Found ament_cmake: 1.3.12 (/opt/ros/humble/share/ament_cmake/cmake)
[0.135s] -- Found rclcpp: 16.0.16 (/opt/ros/humble/share/rclcpp/cmake)
[0.156s] -- Found rosidl_generator_c: 3.1.7 (/opt/ros/humble/share/rosidl_generator_c/cmake)
[0.158s] -- Found rosidl_adapter: 3.1.7 (/opt/ros/humble/share/rosidl_adapter/cmake)
[0.162s] -- Found rosidl_generator_cpp: 3.1.7 (/opt/ros/humble/share/rosidl_generator_cpp/cmake)
[0.169s] -- Using all available rosidl_typesupport_c: rosidl_typesupport_fastrtps_c;rosidl_typesupport_introspection_c
[0.182s] -- Using all available rosidl_typesupport_cpp: rosidl_typesupport_fastrtps_cpp;rosidl_typesupport_introspection_cpp
[0.204s] -- Found rmw_implementation_cmake: 6.1.2 (/opt/ros/humble/share/rmw_implementation_cmake/cmake)
[0.205s] -- Found rmw_fastrtps_cpp: 6.2.9 (/opt/ros/humble/share/rmw_fastrtps_cpp/cmake)
[0.276s] -- Using RMW implementation 'rmw_fastrtps_cpp' as default
[0.306s] -- Found sensor_msgs: 4.9.0 (/opt/ros/humble/share/sensor_msgs/cmake)
[0.370s] -- Configuring done
[0.376s] -- Generating done
[0.378s] -- Build files have been written to: /home/jaewoong/go2_ws/src/serial_joy_receiver/build/serial_joy_receiver
[0.384s] Invoked command in '/home/jaewoong/go2_ws/src/serial_joy_receiver/build/serial_joy_receiver' returned '0': CMAKE_PREFIX_PATH=${CMAKE_PREFIX_PATH}:/home/jaewoong/go2_ws/install/go2_imu_bridge:/opt/ros/humble /usr/bin/cmake /home/jaewoong/go2_ws/src/serial_joy_receiver -DCMAKE_INSTALL_PREFIX=/home/jaewoong/go2_ws/src/serial_joy_receiver/install/serial_joy_receiver
[0.385s] Invoking command in '/home/jaewoong/go2_ws/src/serial_joy_receiver/build/serial_joy_receiver': CMAKE_PREFIX_PATH=${CMAKE_PREFIX_PATH}:/home/jaewoong/go2_ws/install/go2_imu_bridge:/opt/ros/humble /usr/bin/cmake --build /home/jaewoong/go2_ws/src/serial_joy_receiver/build/serial_joy_receiver -- -j32 -l32
[0.444s] [ 25%] [32mBuilding CXX object CMakeFiles/serial_trigger_sender.dir/src/serial_trigger_sender.cpp.o[0m
[0.445s] [ 50%] [32mBuilding CXX object CMakeFiles/serial_joystick_receiver.dir/src/serial_joystick_receiver.cpp.o[0m
[0.455s] [01m[K/home/jaewoong/go2_ws/src/serial_joy_receiver/src/serial_trigger_sender.cpp:5:10:[m[K [01;31m[Kfatal error: [m[Krclcpp/rclcpp.hpp: No such file or directory
[0.455s]     5 | #include [01;31m[K<rclcpp/rclcpp.hpp>[m[K
[0.455s]       |          [01;31m[K^~~~~~~~~~~~~~~~~~~[m[K
[0.455s] compilation terminated.
[0.455s] gmake[2]: *** [CMakeFiles/serial_trigger_sender.dir/build.make:76: CMakeFiles/serial_trigger_sender.dir/src/serial_trigger_sender.cpp.o] Error 1
[0.455s] gmake[1]: *** [CMakeFiles/Makefile2:165: CMakeFiles/serial_trigger_sender.dir/all] Error 2
[0.455s] gmake[1]: *** Waiting for unfinished jobs....
[3.236s] [ 75%] [32m[1mLinking CXX executable serial_joystick_receiver[0m
[3.402s] [ 75%] Built target serial_joystick_receiver
[3.404s] gmake: *** [Makefile:146: all] Error 2
[3.406s] Invoked command in '/home/jaewoong/go2_ws/src/serial_joy_receiver/build/serial_joy_receiver' returned '2': CMAKE_PREFIX_PATH=${CMAKE_PREFIX_PATH}:/home/jaewoong/go2_ws/install/go2_imu_bridge:/opt/ros/humble /usr/bin/cmake --build /home/jaewoong/go2_ws/src/serial_joy_receiver/build/serial_joy_receiver -- -j32 -l32
