-- Found ament_cmake: 1.3.12 (/opt/ros/humble/share/ament_cmake/cmake)
-- Found rclcpp: 16.0.16 (/opt/ros/humble/share/rclcpp/cmake)
-- Found rosidl_generator_c: 3.1.7 (/opt/ros/humble/share/rosidl_generator_c/cmake)
-- Found rosidl_adapter: 3.1.7 (/opt/ros/humble/share/rosidl_adapter/cmake)
-- Found rosidl_generator_cpp: 3.1.7 (/opt/ros/humble/share/rosidl_generator_cpp/cmake)
-- Using all available rosidl_typesupport_c: rosidl_typesupport_fastrtps_c;rosidl_typesupport_introspection_c
-- Using all available rosidl_typesupport_cpp: rosidl_typesupport_fastrtps_cpp;rosidl_typesupport_introspection_cpp
-- Found rmw_implementation_cmake: 6.1.2 (/opt/ros/humble/share/rmw_implementation_cmake/cmake)
-- Found rmw_fastrtps_cpp: 6.2.9 (/opt/ros/humble/share/rmw_fastrtps_cpp/cmake)
-- Using RMW implementation 'rmw_fastrtps_cpp' as default
-- Found sensor_msgs: 4.9.0 (/opt/ros/humble/share/sensor_msgs/cmake)
-- Configuring done
-- Generating done
-- Build files have been written to: /home/jaewoong/go2_ws/src/serial_joy_receiver/build/serial_joy_receiver
[35m[1mConsolidate compiler generated dependencies of target serial_joystick_receiver[0m
[ 25%] [32mBuilding CXX object CMakeFiles/serial_trigger_sender.dir/src/serial_trigger_sender.cpp.o[0m
[ 75%] Built target serial_joystick_receiver
[100%] [32m[1mLinking CXX executable serial_trigger_sender[0m
[100%] Built target serial_trigger_sender
-- Install configuration: ""
-- Installing: /home/jaewoong/go2_ws/src/serial_joy_receiver/install/serial_joy_receiver/lib/serial_joy_receiver/serial_joystick_receiver
-- Set runtime path of "/home/jaewoong/go2_ws/src/serial_joy_receiver/install/serial_joy_receiver/lib/serial_joy_receiver/serial_joystick_receiver" to ""
-- Installing: /home/jaewoong/go2_ws/src/serial_joy_receiver/install/serial_joy_receiver/lib/serial_joy_receiver/serial_trigger_sender
-- Set runtime path of "/home/jaewoong/go2_ws/src/serial_joy_receiver/install/serial_joy_receiver/lib/serial_joy_receiver/serial_trigger_sender" to ""
-- Installing: /home/jaewoong/go2_ws/src/serial_joy_receiver/install/serial_joy_receiver/share/serial_joy_receiver/config
-- Installing: /home/jaewoong/go2_ws/src/serial_joy_receiver/install/serial_joy_receiver/share/serial_joy_receiver/config/serial_joy_receiver.yaml
-- Installing: /home/jaewoong/go2_ws/src/serial_joy_receiver/install/serial_joy_receiver/share/serial_joy_receiver/launch
-- Installing: /home/jaewoong/go2_ws/src/serial_joy_receiver/install/serial_joy_receiver/share/serial_joy_receiver/launch/serial_joy_receiver.launch.py
-- Installing: /home/jaewoong/go2_ws/src/serial_joy_receiver/install/serial_joy_receiver/share/ament_index/resource_index/package_run_dependencies/serial_joy_receiver
-- Installing: /home/jaewoong/go2_ws/src/serial_joy_receiver/install/serial_joy_receiver/share/ament_index/resource_index/parent_prefix_path/serial_joy_receiver
-- Installing: /home/jaewoong/go2_ws/src/serial_joy_receiver/install/serial_joy_receiver/share/serial_joy_receiver/environment/ament_prefix_path.sh
-- Installing: /home/jaewoong/go2_ws/src/serial_joy_receiver/install/serial_joy_receiver/share/serial_joy_receiver/environment/ament_prefix_path.dsv
-- Installing: /home/jaewoong/go2_ws/src/serial_joy_receiver/install/serial_joy_receiver/share/serial_joy_receiver/environment/path.sh
-- Installing: /home/jaewoong/go2_ws/src/serial_joy_receiver/install/serial_joy_receiver/share/serial_joy_receiver/environment/path.dsv
-- Installing: /home/jaewoong/go2_ws/src/serial_joy_receiver/install/serial_joy_receiver/share/serial_joy_receiver/local_setup.bash
-- Installing: /home/jaewoong/go2_ws/src/serial_joy_receiver/install/serial_joy_receiver/share/serial_joy_receiver/local_setup.sh
-- Installing: /home/jaewoong/go2_ws/src/serial_joy_receiver/install/serial_joy_receiver/share/serial_joy_receiver/local_setup.zsh
-- Installing: /home/jaewoong/go2_ws/src/serial_joy_receiver/install/serial_joy_receiver/share/serial_joy_receiver/local_setup.dsv
-- Installing: /home/jaewoong/go2_ws/src/serial_joy_receiver/install/serial_joy_receiver/share/serial_joy_receiver/package.dsv
-- Installing: /home/jaewoong/go2_ws/src/serial_joy_receiver/install/serial_joy_receiver/share/ament_index/resource_index/packages/serial_joy_receiver
-- Installing: /home/jaewoong/go2_ws/src/serial_joy_receiver/install/serial_joy_receiver/share/serial_joy_receiver/cmake/serial_joy_receiverConfig.cmake
-- Installing: /home/jaewoong/go2_ws/src/serial_joy_receiver/install/serial_joy_receiver/share/serial_joy_receiver/cmake/serial_joy_receiverConfig-version.cmake
-- Installing: /home/jaewoong/go2_ws/src/serial_joy_receiver/install/serial_joy_receiver/share/serial_joy_receiver/package.xml
