[0.009s] Invoking command in '/home/jaewoong/go2_ws/src/serial_joy_receiver/build/serial_joy_receiver': CMAKE_PREFIX_PATH=${CMAKE_PREFIX_PATH}:/home/jaewoong/go2_ws/install/go2_imu_bridge:/opt/ros/humble /usr/bin/cmake --build /home/jaewoong/go2_ws/src/serial_joy_receiver/build/serial_joy_receiver -- -j32 -l32
[0.037s] -- Found ament_cmake: 1.3.12 (/opt/ros/humble/share/ament_cmake/cmake)
[0.146s] -- Found rclcpp: 16.0.16 (/opt/ros/humble/share/rclcpp/cmake)
[0.165s] -- Found rosidl_generator_c: 3.1.7 (/opt/ros/humble/share/rosidl_generator_c/cmake)
[0.166s] -- Found rosidl_adapter: 3.1.7 (/opt/ros/humble/share/rosidl_adapter/cmake)
[0.170s] -- Found rosidl_generator_cpp: 3.1.7 (/opt/ros/humble/share/rosidl_generator_cpp/cmake)
[0.177s] -- Using all available rosidl_typesupport_c: rosidl_typesupport_fastrtps_c;rosidl_typesupport_introspection_c
[0.185s] -- Using all available rosidl_typesupport_cpp: rosidl_typesupport_fastrtps_cpp;rosidl_typesupport_introspection_cpp
[0.206s] -- Found rmw_implementation_cmake: 6.1.2 (/opt/ros/humble/share/rmw_implementation_cmake/cmake)
[0.207s] -- Found rmw_fastrtps_cpp: 6.2.9 (/opt/ros/humble/share/rmw_fastrtps_cpp/cmake)
[0.288s] -- Using RMW implementation 'rmw_fastrtps_cpp' as default
[0.321s] -- Found sensor_msgs: 4.9.0 (/opt/ros/humble/share/sensor_msgs/cmake)
[0.385s] -- Configuring done
[0.392s] -- Generating done
[0.395s] -- Build files have been written to: /home/jaewoong/go2_ws/src/serial_joy_receiver/build/serial_joy_receiver
[0.419s] [35m[1mConsolidate compiler generated dependencies of target serial_joystick_receiver[0m
[0.426s] [ 25%] [32mBuilding CXX object CMakeFiles/serial_trigger_sender.dir/src/serial_trigger_sender.cpp.o[0m
[0.434s] [ 75%] Built target serial_joystick_receiver
[5.162s] [100%] [32m[1mLinking CXX executable serial_trigger_sender[0m
[5.404s] [100%] Built target serial_trigger_sender
[5.417s] Invoked command in '/home/jaewoong/go2_ws/src/serial_joy_receiver/build/serial_joy_receiver' returned '0': CMAKE_PREFIX_PATH=${CMAKE_PREFIX_PATH}:/home/jaewoong/go2_ws/install/go2_imu_bridge:/opt/ros/humble /usr/bin/cmake --build /home/jaewoong/go2_ws/src/serial_joy_receiver/build/serial_joy_receiver -- -j32 -l32
[5.426s] Invoking command in '/home/jaewoong/go2_ws/src/serial_joy_receiver/build/serial_joy_receiver': CMAKE_PREFIX_PATH=${CMAKE_PREFIX_PATH}:/home/jaewoong/go2_ws/install/go2_imu_bridge:/opt/ros/humble /usr/bin/cmake --install /home/jaewoong/go2_ws/src/serial_joy_receiver/build/serial_joy_receiver
[5.433s] -- Install configuration: ""
[5.433s] -- Installing: /home/jaewoong/go2_ws/src/serial_joy_receiver/install/serial_joy_receiver/lib/serial_joy_receiver/serial_joystick_receiver
[5.435s] -- Set runtime path of "/home/jaewoong/go2_ws/src/serial_joy_receiver/install/serial_joy_receiver/lib/serial_joy_receiver/serial_joystick_receiver" to ""
[5.435s] -- Installing: /home/jaewoong/go2_ws/src/serial_joy_receiver/install/serial_joy_receiver/lib/serial_joy_receiver/serial_trigger_sender
[5.437s] -- Set runtime path of "/home/jaewoong/go2_ws/src/serial_joy_receiver/install/serial_joy_receiver/lib/serial_joy_receiver/serial_trigger_sender" to ""
[5.437s] -- Installing: /home/jaewoong/go2_ws/src/serial_joy_receiver/install/serial_joy_receiver/share/serial_joy_receiver/config
[5.437s] -- Installing: /home/jaewoong/go2_ws/src/serial_joy_receiver/install/serial_joy_receiver/share/serial_joy_receiver/config/serial_joy_receiver.yaml
[5.437s] -- Installing: /home/jaewoong/go2_ws/src/serial_joy_receiver/install/serial_joy_receiver/share/serial_joy_receiver/launch
[5.437s] -- Installing: /home/jaewoong/go2_ws/src/serial_joy_receiver/install/serial_joy_receiver/share/serial_joy_receiver/launch/serial_joy_receiver.launch.py
[5.437s] -- Installing: /home/jaewoong/go2_ws/src/serial_joy_receiver/install/serial_joy_receiver/share/ament_index/resource_index/package_run_dependencies/serial_joy_receiver
[5.437s] -- Installing: /home/jaewoong/go2_ws/src/serial_joy_receiver/install/serial_joy_receiver/share/ament_index/resource_index/parent_prefix_path/serial_joy_receiver
[5.437s] -- Installing: /home/jaewoong/go2_ws/src/serial_joy_receiver/install/serial_joy_receiver/share/serial_joy_receiver/environment/ament_prefix_path.sh
[5.437s] -- Installing: /home/jaewoong/go2_ws/src/serial_joy_receiver/install/serial_joy_receiver/share/serial_joy_receiver/environment/ament_prefix_path.dsv
[5.437s] -- Installing: /home/jaewoong/go2_ws/src/serial_joy_receiver/install/serial_joy_receiver/share/serial_joy_receiver/environment/path.sh
[5.437s] -- Installing: /home/jaewoong/go2_ws/src/serial_joy_receiver/install/serial_joy_receiver/share/serial_joy_receiver/environment/path.dsv
[5.437s] -- Installing: /home/jaewoong/go2_ws/src/serial_joy_receiver/install/serial_joy_receiver/share/serial_joy_receiver/local_setup.bash
[5.437s] -- Installing: /home/jaewoong/go2_ws/src/serial_joy_receiver/install/serial_joy_receiver/share/serial_joy_receiver/local_setup.sh
[5.437s] -- Installing: /home/jaewoong/go2_ws/src/serial_joy_receiver/install/serial_joy_receiver/share/serial_joy_receiver/local_setup.zsh
[5.438s] -- Installing: /home/jaewoong/go2_ws/src/serial_joy_receiver/install/serial_joy_receiver/share/serial_joy_receiver/local_setup.dsv
[5.438s] -- Installing: /home/jaewoong/go2_ws/src/serial_joy_receiver/install/serial_joy_receiver/share/serial_joy_receiver/package.dsv
[5.438s] -- Installing: /home/jaewoong/go2_ws/src/serial_joy_receiver/install/serial_joy_receiver/share/ament_index/resource_index/packages/serial_joy_receiver
[5.438s] -- Installing: /home/jaewoong/go2_ws/src/serial_joy_receiver/install/serial_joy_receiver/share/serial_joy_receiver/cmake/serial_joy_receiverConfig.cmake
[5.438s] -- Installing: /home/jaewoong/go2_ws/src/serial_joy_receiver/install/serial_joy_receiver/share/serial_joy_receiver/cmake/serial_joy_receiverConfig-version.cmake
[5.438s] -- Installing: /home/jaewoong/go2_ws/src/serial_joy_receiver/install/serial_joy_receiver/share/serial_joy_receiver/package.xml
[5.439s] Invoked command in '/home/jaewoong/go2_ws/src/serial_joy_receiver/build/serial_joy_receiver' returned '0': CMAKE_PREFIX_PATH=${CMAKE_PREFIX_PATH}:/home/jaewoong/go2_ws/install/go2_imu_bridge:/opt/ros/humble /usr/bin/cmake --install /home/jaewoong/go2_ws/src/serial_joy_receiver/build/serial_joy_receiver
