[0.000000] (-) TimerEvent: {}
[0.000232] (serial_joy_receiver) JobQueued: {'identifier': 'serial_joy_receiver', 'dependencies': OrderedDict()}
[0.000255] (serial_joy_receiver) JobStarted: {'identifier': 'serial_joy_receiver'}
[0.007072] (serial_joy_receiver) JobProgress: {'identifier': 'serial_joy_receiver', 'progress': 'cmake'}
[0.007431] (serial_joy_receiver) Command: {'cmd': ['/usr/bin/cmake', '/home/jaewoong/go2_ws/src/serial_joy_receiver', '-DCMAKE_INSTALL_PREFIX=/home/jaewoong/go2_ws/src/serial_joy_receiver/install/serial_joy_receiver'], 'cwd': '/home/jaewoong/go2_ws/src/serial_joy_receiver/build/serial_joy_receiver', 'env': OrderedDict([('LANGUAGE', 'en'), ('USER', 'jaewoong'), ('ROS2_DISABLE_DAEMON', '1'), ('LC_TIME', 'ko_KR.UTF-8'), ('XDG_SESSION_TYPE', 'x11'), ('SHLVL', '1'), ('LD_LIBRARY_PATH', '/home/jaewoong/go2_ws/install/go2_driver/lib:/home/jaewoong/go2_ws/install/unitree_go/lib:/home/jaewoong/go2_ws/install/unitree_api/lib:/home/jaewoong/go2_ws/install/rko_lio/lib:/home/jaewoong/go2_ws/install/lio_sam_hesai/lib:/home/jaewoong/go2_ws/install/interface/lib:/home/jaewoong/go2_ws/install/hesai_ros_driver/lib:/home/jaewoong/go2_ws/install/go2_interfaces/lib:/home/jaewoong/go2_ws/install/cango_msgs/lib:/home/jaewoong/colcon_Ws/install/robstride_motor_msgs/lib:/home/jaewoong/ros2_ws/install/unitree_hg/lib:/home/jaewoong/ros2_ws/install/unitree_go/lib:/home/jaewoong/ros2_ws/install/unitree_api/lib:/opt/ros/humble/opt/rviz_ogre_vendor/lib:/opt/ros/humble/lib/x86_64-linux-gnu:/opt/ros/humble/lib'), ('HOME', '/home/jaewoong'), ('OLDPWD', '/home/jaewoong/go2_ws/src/serial_joy_receiver/src'), ('DESKTOP_SESSION', 'ubuntu'), ('ROS_PYTHON_VERSION', '3'), ('GNOME_SHELL_SESSION_MODE', 'ubuntu'), ('GTK_MODULES', 'gail:atk-bridge'), ('LC_MONETARY', 'ko_KR.UTF-8'), ('MANAGERPID', '3889'), ('SYSTEMD_EXEC_PID', '5528'), ('DBUS_SESSION_BUS_ADDRESS', 'unix:path=/run/user/1000/bus'), ('COLORTERM', 'truecolor'), ('TERMINATOR_DBUS_NAME', 'net.tenshu.Terminator23558193cd9818af7fe4d2c2f5bd9d00f'), ('GIO_LAUNCHED_DESKTOP_FILE_PID', '6341'), ('COLCON_PREFIX_PATH', '/home/jaewoong/colcon_Ws/install:/home/jaewoong/go2_ws/install:/home/jaewoong/ros2_ws/install'), ('ROS_DISTRO', 'humble'), ('GTK_IM_MODULE', 'ibus'), ('LOGNAME', 'jaewoong'), ('JOURNAL_STREAM', '8:43627'), ('_', '/usr/bin/colcon'), ('ROS_VERSION', '2'), ('XDG_SESSION_CLASS', 'user'), ('USERNAME', 'jaewoong'), ('TERM', 'xterm-256color'), ('GNOME_DESKTOP_SESSION_ID', 'this-is-deprecated'), ('ROS_LOCALHOST_ONLY', '0'), ('WINDOWPATH', '2'), ('PATH', '/home/jaewoong/.local/bin:/home/jaewoong/.local/bin:/home/jaewoong/.local/bin:/home/jaewoong/.local/bin:/home/jaewoong/.local/bin:/home/jaewoong/.local/bin:/home/jaewoong/.local/bin:/home/jaewoong/.local/bin:/home/jaewoong/.local/bin:/home/jaewoong/.local/bin:/home/jaewoong/.local/bin:/home/jaewoong/.local/bin:/home/jaewoong/.local/bin:/home/jaewoong/.local/bin:/home/jaewoong/.local/bin:/home/jaewoong/.local/bin:/opt/ros/humble/bin:/usr/local/sbin:/usr/local/bin:/usr/sbin:/usr/bin:/sbin:/bin:/usr/games:/usr/local/games:/snap/bin:/snap/bin'), ('SESSION_MANAGER', 'local/jaewoong:@/tmp/.ICE-unix/5027,unix/jaewoong:/tmp/.ICE-unix/5027'), ('INVOCATION_ID', '42fc52e34d7c4915b26f138742f9d0f0'), ('PAPERSIZE', 'a4'), ('XDG_MENU_PREFIX', 'gnome-'), ('LC_ADDRESS', 'ko_KR.UTF-8'), ('XDG_RUNTIME_DIR', '/run/user/1000'), ('DISPLAY', ':1'), ('TERMINATOR_DBUS_PATH', '/net/tenshu/Terminator2'), ('LANG', 'en_US.UTF-8'), ('XDG_CURRENT_DESKTOP', 'ubuntu:GNOME'), ('IBUS_DISABLE_SNOOPER', '1'), ('LC_TELEPHONE', 'ko_KR.UTF-8'), ('XMODIFIERS', '@im=ibus'), ('XDG_SESSION_DESKTOP', 'ubuntu'), ('XAUTHORITY', '/run/user/1000/gdm/Xauthority'), ('SSH_AGENT_LAUNCHER', 'gnome-keyring'), ('SSH_AUTH_SOCK', '/run/user/1000/keyring/ssh'), ('ROS_DOMAIN_ID', '0'), ('AMENT_PREFIX_PATH', '/home/jaewoong/go2_ws/install/unitree_ros2_example:/home/jaewoong/go2_ws/install/go2_robot:/home/jaewoong/go2_ws/install/go2_imu_bridge:/home/jaewoong/go2_ws/install/go2_bringup:/home/jaewoong/go2_ws/install/go2_driver:/home/jaewoong/go2_ws/install/go2_demo:/home/jaewoong/go2_ws/install/cango_driver:/home/jaewoong/go2_ws/install/unitree_go:/home/jaewoong/go2_ws/install/unitree_api:/home/jaewoong/go2_ws/install/serial_joy_receiver:/home/jaewoong/go2_ws/install/rko_lio:/home/jaewoong/go2_ws/install/pgo:/home/jaewoong/go2_ws/install/localizer:/home/jaewoong/go2_ws/install/lio_sam_hesai:/home/jaewoong/go2_ws/install/hba:/home/jaewoong/go2_ws/install/interface:/home/jaewoong/go2_ws/install/hesai_ros_driver:/home/jaewoong/go2_ws/install/go2_rviz:/home/jaewoong/go2_ws/install/go2_interfaces:/home/jaewoong/go2_ws/install/go2_description:/home/jaewoong/go2_ws/install/fastlio2:/home/jaewoong/go2_ws/install/cango_msgs:/home/jaewoong/colcon_Ws/install/rs_motor_ros2:/home/jaewoong/colcon_Ws/install/robstride_dk:/home/jaewoong/colcon_Ws/install/robstride_motor_msgs:/home/jaewoong/ros2_ws/install/unitree_ros2_example:/home/jaewoong/ros2_ws/install/unitree_hg:/home/jaewoong/ros2_ws/install/unitree_go:/home/jaewoong/ros2_ws/install/unitree_api:/opt/ros/humble'), ('SHELL', '/bin/bash'), ('LC_NAME', 'ko_KR.UTF-8'), ('TERMINATOR_UUID', 'urn:uuid:c2919c15-d3cc-42a9-a96a-7b67eb430bca'), ('QT_ACCESSIBILITY', '1'), ('GDMSESSION', 'ubuntu'), ('LC_MEASUREMENT', 'ko_KR.UTF-8'), ('GPG_AGENT_INFO', '/run/user/1000/gnupg/S.gpg-agent:0:1'), ('LC_IDENTIFICATION', 'ko_KR.UTF-8'), ('QT_IM_MODULE', 'ibus'), ('PWD', '/home/jaewoong/go2_ws/src/serial_joy_receiver/build/serial_joy_receiver'), ('LC_ALL', 'en_US.UTF-8'), ('XDG_CONFIG_DIRS', '/etc/xdg/xdg-ubuntu:/etc/xdg'), ('XDG_DATA_DIRS', '/usr/share/ubuntu:/usr/share/gnome:/usr/local/share/:/usr/share/:/var/lib/snapd/desktop'), ('PYTHONPATH', '/home/jaewoong/go2_ws/install/go2_imu_bridge/lib/python3.10/site-packages:/home/jaewoong/go2_ws/install/unitree_go/local/lib/python3.10/dist-packages:/home/jaewoong/go2_ws/install/unitree_api/local/lib/python3.10/dist-packages:/home/jaewoong/go2_ws/install/lio_sam_hesai/local/lib/python3.10/dist-packages:/home/jaewoong/go2_ws/install/interface/local/lib/python3.10/dist-packages:/home/jaewoong/go2_ws/install/hesai_ros_driver/local/lib/python3.10/dist-packages:/home/jaewoong/go2_ws/install/go2_interfaces/local/lib/python3.10/dist-packages:/home/jaewoong/go2_ws/install/cango_msgs/local/lib/python3.10/dist-packages:/home/jaewoong/colcon_Ws/install/robstride_motor_msgs/local/lib/python3.10/dist-packages:/home/jaewoong/ros2_ws/install/unitree_hg/local/lib/python3.10/dist-packages:/home/jaewoong/ros2_ws/install/unitree_go/local/lib/python3.10/dist-packages:/home/jaewoong/ros2_ws/install/unitree_api/local/lib/python3.10/dist-packages:/opt/ros/humble/lib/python3.10/site-packages:/opt/ros/humble/local/lib/python3.10/dist-packages'), ('LC_NUMERIC', 'ko_KR.UTF-8'), ('LC_PAPER', 'ko_KR.UTF-8'), ('COLCON', '1'), ('VTE_VERSION', '6800'), ('CMAKE_PREFIX_PATH', '/home/jaewoong/go2_ws/install/unitree_ros2_example:/home/jaewoong/go2_ws/install/go2_robot:/home/jaewoong/go2_ws/install/go2_bringup:/home/jaewoong/go2_ws/install/go2_driver:/home/jaewoong/go2_ws/install/go2_demo:/home/jaewoong/go2_ws/install/cango_driver:/home/jaewoong/go2_ws/install/unitree_go:/home/jaewoong/go2_ws/install/unitree_api:/home/jaewoong/go2_ws/install/serial_joy_receiver:/home/jaewoong/go2_ws/install/rko_lio:/home/jaewoong/go2_ws/install/pgo:/home/jaewoong/go2_ws/install/localizer:/home/jaewoong/go2_ws/install/lio_sam_hesai:/home/jaewoong/go2_ws/install/hba:/home/jaewoong/go2_ws/install/interface:/home/jaewoong/go2_ws/install/hesai_ros_driver:/home/jaewoong/go2_ws/install/go2_rviz:/home/jaewoong/go2_ws/install/go2_interfaces:/home/jaewoong/go2_ws/install/go2_description:/home/jaewoong/go2_ws/install/fastlio2:/home/jaewoong/go2_ws/install/cango_msgs:/home/jaewoong/colcon_Ws/install/rs_motor_ros2:/home/jaewoong/colcon_Ws/install/robstride_dk:/home/jaewoong/colcon_Ws/install/robstride_motor_msgs:/home/jaewoong/ros2_ws/install/unitree_ros2_example:/home/jaewoong/ros2_ws/install/unitree_hg:/home/jaewoong/ros2_ws/install/unitree_go:/home/jaewoong/ros2_ws/install/unitree_api:/home/jaewoong/go2_ws/install/go2_imu_bridge:/opt/ros/humble')]), 'shell': False}
[0.099588] (-) TimerEvent: {}
[0.120317] (serial_joy_receiver) StdoutLine: {'line': b'-- The C compiler identification is GNU 11.4.0\n'}
[0.194835] (serial_joy_receiver) StdoutLine: {'line': b'-- The CXX compiler identification is GNU 11.4.0\n'}
[0.199693] (-) TimerEvent: {}
[0.202537] (serial_joy_receiver) StdoutLine: {'line': b'-- Detecting C compiler ABI info\n'}
[0.299899] (-) TimerEvent: {}
[0.300537] (serial_joy_receiver) StdoutLine: {'line': b'-- Detecting C compiler ABI info - done\n'}
[0.308977] (serial_joy_receiver) StdoutLine: {'line': b'-- Check for working C compiler: /usr/bin/cc - skipped\n'}
[0.309603] (serial_joy_receiver) StdoutLine: {'line': b'-- Detecting C compile features\n'}
[0.310184] (serial_joy_receiver) StdoutLine: {'line': b'-- Detecting C compile features - done\n'}
[0.312480] (serial_joy_receiver) StdoutLine: {'line': b'-- Detecting CXX compiler ABI info\n'}
[0.400136] (-) TimerEvent: {}
[0.401521] (serial_joy_receiver) StdoutLine: {'line': b'-- Detecting CXX compiler ABI info - done\n'}
[0.410994] (serial_joy_receiver) StdoutLine: {'line': b'-- Check for working CXX compiler: /usr/bin/c++ - skipped\n'}
[0.411314] (serial_joy_receiver) StdoutLine: {'line': b'-- Detecting CXX compile features\n'}
[0.411984] (serial_joy_receiver) StdoutLine: {'line': b'-- Detecting CXX compile features - done\n'}
[0.415910] (serial_joy_receiver) StdoutLine: {'line': b'-- Found ament_cmake: 1.3.12 (/opt/ros/humble/share/ament_cmake/cmake)\n'}
[0.500214] (-) TimerEvent: {}
[0.578773] (serial_joy_receiver) StdoutLine: {'line': b'-- Found Python3: /usr/bin/python3 (found version "3.10.12") found components: Interpreter \n'}
[0.600282] (-) TimerEvent: {}
[0.666713] (serial_joy_receiver) StdoutLine: {'line': b'-- Found rclcpp: 16.0.16 (/opt/ros/humble/share/rclcpp/cmake)\n'}
[0.700360] (-) TimerEvent: {}
[0.706202] (serial_joy_receiver) StdoutLine: {'line': b'-- Found rosidl_generator_c: 3.1.7 (/opt/ros/humble/share/rosidl_generator_c/cmake)\n'}
[0.711707] (serial_joy_receiver) StdoutLine: {'line': b'-- Found rosidl_adapter: 3.1.7 (/opt/ros/humble/share/rosidl_adapter/cmake)\n'}
[0.718984] (serial_joy_receiver) StdoutLine: {'line': b'-- Found rosidl_generator_cpp: 3.1.7 (/opt/ros/humble/share/rosidl_generator_cpp/cmake)\n'}
[0.729266] (serial_joy_receiver) StdoutLine: {'line': b'-- Using all available rosidl_typesupport_c: rosidl_typesupport_fastrtps_c;rosidl_typesupport_introspection_c\n'}
[0.743117] (serial_joy_receiver) StdoutLine: {'line': b'-- Using all available rosidl_typesupport_cpp: rosidl_typesupport_fastrtps_cpp;rosidl_typesupport_introspection_cpp\n'}
[0.781802] (serial_joy_receiver) StdoutLine: {'line': b'-- Found rmw_implementation_cmake: 6.1.2 (/opt/ros/humble/share/rmw_implementation_cmake/cmake)\n'}
[0.785013] (serial_joy_receiver) StdoutLine: {'line': b'-- Found rmw_fastrtps_cpp: 6.2.9 (/opt/ros/humble/share/rmw_fastrtps_cpp/cmake)\n'}
[0.800569] (-) TimerEvent: {}
[0.883788] (serial_joy_receiver) StdoutLine: {'line': b'-- Found OpenSSL: /usr/lib/x86_64-linux-gnu/libcrypto.so (found version "3.0.2")  \n'}
[0.900833] (-) TimerEvent: {}
[0.912053] (serial_joy_receiver) StdoutLine: {'line': b'-- Found FastRTPS: /opt/ros/humble/include  \n'}
[0.953597] (serial_joy_receiver) StdoutLine: {'line': b"-- Using RMW implementation 'rmw_fastrtps_cpp' as default\n"}
[0.963364] (serial_joy_receiver) StdoutLine: {'line': b'-- Looking for pthread.h\n'}
[1.001012] (-) TimerEvent: {}
[1.041936] (serial_joy_receiver) StdoutLine: {'line': b'-- Looking for pthread.h - found\n'}
[1.042433] (serial_joy_receiver) StdoutLine: {'line': b'-- Performing Test CMAKE_HAVE_LIBC_PTHREAD\n'}
[1.101255] (-) TimerEvent: {}
[1.141206] (serial_joy_receiver) StdoutLine: {'line': b'-- Performing Test CMAKE_HAVE_LIBC_PTHREAD - Success\n'}
[1.143003] (serial_joy_receiver) StdoutLine: {'line': b'-- Found Threads: TRUE  \n'}
[1.191906] (serial_joy_receiver) StdoutLine: {'line': b'-- Found sensor_msgs: 4.9.0 (/opt/ros/humble/share/sensor_msgs/cmake)\n'}
[1.201307] (-) TimerEvent: {}
[1.213656] (serial_joy_receiver) StderrLine: {'line': b'\x1b[31mCMake Error at CMakeLists.txt:21 (install):\n'}
[1.213758] (serial_joy_receiver) StderrLine: {'line': b'  install TARGETS given target "serial_trigger_sender" which does not exist.\n'}
[1.213793] (serial_joy_receiver) StderrLine: {'line': b'\n'}
[1.213822] (serial_joy_receiver) StderrLine: {'line': b'\x1b[0m\n'}
[1.266238] (serial_joy_receiver) StdoutLine: {'line': b'-- Configuring incomplete, errors occurred!\n'}
[1.266345] (serial_joy_receiver) StdoutLine: {'line': b'See also "/home/jaewoong/go2_ws/src/serial_joy_receiver/build/serial_joy_receiver/CMakeFiles/CMakeOutput.log".\n'}
[1.272075] (serial_joy_receiver) CommandEnded: {'returncode': 1}
[1.291909] (serial_joy_receiver) JobEnded: {'identifier': 'serial_joy_receiver', 'rc': 1}
[1.301410] (-) TimerEvent: {}
[1.302931] (-) EventReactorShutdown: {}
