[0.008s] Invoking command in '/home/jaewoong/go2_ws/src/serial_joy_receiver/build/serial_joy_receiver': CMAKE_PREFIX_PATH=${CMAKE_PREFIX_PATH}:/home/jaewoong/go2_ws/install/go2_imu_bridge:/opt/ros/humble /usr/bin/cmake /home/jaewoong/go2_ws/src/serial_joy_receiver -DCMAKE_INSTALL_PREFIX=/home/jaewoong/go2_ws/src/serial_joy_receiver/install/serial_joy_receiver
[0.120s] -- The C compiler identification is GNU 11.4.0
[0.195s] -- The CXX compiler identification is GNU 11.4.0
[0.202s] -- Detecting C compiler ABI info
[0.300s] -- Detecting C compiler ABI info - done
[0.309s] -- Check for working C compiler: /usr/bin/cc - skipped
[0.309s] -- Detecting C compile features
[0.310s] -- Detecting C compile features - done
[0.312s] -- Detecting CXX compiler ABI info
[0.401s] -- Detecting CXX compiler ABI info - done
[0.411s] -- Check for working CXX compiler: /usr/bin/c++ - skipped
[0.411s] -- Detecting CXX compile features
[0.412s] -- Detecting CXX compile features - done
[0.416s] -- Found ament_cmake: 1.3.12 (/opt/ros/humble/share/ament_cmake/cmake)
[0.579s] -- Found Python3: /usr/bin/python3 (found version "3.10.12") found components: Interpreter 
[0.667s] -- Found rclcpp: 16.0.16 (/opt/ros/humble/share/rclcpp/cmake)
[0.706s] -- Found rosidl_generator_c: 3.1.7 (/opt/ros/humble/share/rosidl_generator_c/cmake)
[0.712s] -- Found rosidl_adapter: 3.1.7 (/opt/ros/humble/share/rosidl_adapter/cmake)
[0.719s] -- Found rosidl_generator_cpp: 3.1.7 (/opt/ros/humble/share/rosidl_generator_cpp/cmake)
[0.729s] -- Using all available rosidl_typesupport_c: rosidl_typesupport_fastrtps_c;rosidl_typesupport_introspection_c
[0.743s] -- Using all available rosidl_typesupport_cpp: rosidl_typesupport_fastrtps_cpp;rosidl_typesupport_introspection_cpp
[0.782s] -- Found rmw_implementation_cmake: 6.1.2 (/opt/ros/humble/share/rmw_implementation_cmake/cmake)
[0.785s] -- Found rmw_fastrtps_cpp: 6.2.9 (/opt/ros/humble/share/rmw_fastrtps_cpp/cmake)
[0.884s] -- Found OpenSSL: /usr/lib/x86_64-linux-gnu/libcrypto.so (found version "3.0.2")  
[0.912s] -- Found FastRTPS: /opt/ros/humble/include  
[0.954s] -- Using RMW implementation 'rmw_fastrtps_cpp' as default
[0.963s] -- Looking for pthread.h
[1.042s] -- Looking for pthread.h - found
[1.042s] -- Performing Test CMAKE_HAVE_LIBC_PTHREAD
[1.141s] -- Performing Test CMAKE_HAVE_LIBC_PTHREAD - Success
[1.143s] -- Found Threads: TRUE  
[1.192s] -- Found sensor_msgs: 4.9.0 (/opt/ros/humble/share/sensor_msgs/cmake)
[1.213s] [31mCMake Error at CMakeLists.txt:21 (install):
[1.214s]   install TARGETS given target "serial_trigger_sender" which does not exist.
[1.214s] 
[1.214s] [0m
[1.266s] -- Configuring incomplete, errors occurred!
[1.266s] See also "/home/jaewoong/go2_ws/src/serial_joy_receiver/build/serial_joy_receiver/CMakeFiles/CMakeOutput.log".
[1.272s] Invoked command in '/home/jaewoong/go2_ws/src/serial_joy_receiver/build/serial_joy_receiver' returned '1': CMAKE_PREFIX_PATH=${CMAKE_PREFIX_PATH}:/home/jaewoong/go2_ws/install/go2_imu_bridge:/opt/ros/humble /usr/bin/cmake /home/jaewoong/go2_ws/src/serial_joy_receiver -DCMAKE_INSTALL_PREFIX=/home/jaewoong/go2_ws/src/serial_joy_receiver/install/serial_joy_receiver
