[0.000000] (-) TimerEvent: {}
[0.000460] (serial_joy_receiver) JobQueued: {'identifier': 'serial_joy_receiver', 'dependencies': OrderedDict()}
[0.000530] (serial_joy_receiver) JobStarted: {'identifier': 'serial_joy_receiver'}
[0.007311] (serial_joy_receiver) JobProgress: {'identifier': 'serial_joy_receiver', 'progress': 'cmake'}
[0.008008] (serial_joy_receiver) Command: {'cmd': ['/usr/bin/cmake', '/home/jaewoong/go2_ws/src/serial_joy_receiver', '-DCMAKE_INSTALL_PREFIX=/home/jaewoong/go2_ws/src/serial_joy_receiver/install/serial_joy_receiver'], 'cwd': '/home/jaewoong/go2_ws/src/serial_joy_receiver/build/serial_joy_receiver', 'env': OrderedDict([('LANGUAGE', 'en'), ('USER', 'jaewoong'), ('ROS2_DISABLE_DAEMON', '1'), ('LC_TIME', 'ko_KR.UTF-8'), ('XDG_SESSION_TYPE', 'x11'), ('SHLVL', '1'), ('LD_LIBRARY_PATH', '/home/jaewoong/go2_ws/install/go2_driver/lib:/home/jaewoong/go2_ws/install/unitree_go/lib:/home/jaewoong/go2_ws/install/unitree_api/lib:/home/jaewoong/go2_ws/install/rko_lio/lib:/home/jaewoong/go2_ws/install/lio_sam_hesai/lib:/home/jaewoong/go2_ws/install/interface/lib:/home/jaewoong/go2_ws/install/hesai_ros_driver/lib:/home/jaewoong/go2_ws/install/go2_interfaces/lib:/home/jaewoong/go2_ws/install/cango_msgs/lib:/home/jaewoong/colcon_Ws/install/robstride_motor_msgs/lib:/home/jaewoong/ros2_ws/install/unitree_hg/lib:/home/jaewoong/ros2_ws/install/unitree_go/lib:/home/jaewoong/ros2_ws/install/unitree_api/lib:/opt/ros/humble/opt/rviz_ogre_vendor/lib:/opt/ros/humble/lib/x86_64-linux-gnu:/opt/ros/humble/lib'), ('HOME', '/home/jaewoong'), ('OLDPWD', '/home/jaewoong/go2_ws/src/serial_joy_receiver/src'), ('DESKTOP_SESSION', 'ubuntu'), ('ROS_PYTHON_VERSION', '3'), ('GNOME_SHELL_SESSION_MODE', 'ubuntu'), ('GTK_MODULES', 'gail:atk-bridge'), ('LC_MONETARY', 'ko_KR.UTF-8'), ('MANAGERPID', '3889'), ('SYSTEMD_EXEC_PID', '5528'), ('DBUS_SESSION_BUS_ADDRESS', 'unix:path=/run/user/1000/bus'), ('COLORTERM', 'truecolor'), ('TERMINATOR_DBUS_NAME', 'net.tenshu.Terminator23558193cd9818af7fe4d2c2f5bd9d00f'), ('GIO_LAUNCHED_DESKTOP_FILE_PID', '6341'), ('COLCON_PREFIX_PATH', '/home/jaewoong/colcon_Ws/install:/home/jaewoong/go2_ws/install:/home/jaewoong/ros2_ws/install'), ('ROS_DISTRO', 'humble'), ('GTK_IM_MODULE', 'ibus'), ('LOGNAME', 'jaewoong'), ('JOURNAL_STREAM', '8:43627'), ('_', '/usr/bin/colcon'), ('ROS_VERSION', '2'), ('XDG_SESSION_CLASS', 'user'), ('USERNAME', 'jaewoong'), ('TERM', 'xterm-256color'), ('GNOME_DESKTOP_SESSION_ID', 'this-is-deprecated'), ('ROS_LOCALHOST_ONLY', '0'), ('WINDOWPATH', '2'), ('PATH', '/home/jaewoong/.local/bin:/home/jaewoong/.local/bin:/home/jaewoong/.local/bin:/home/jaewoong/.local/bin:/home/jaewoong/.local/bin:/home/jaewoong/.local/bin:/home/jaewoong/.local/bin:/home/jaewoong/.local/bin:/home/jaewoong/.local/bin:/home/jaewoong/.local/bin:/home/jaewoong/.local/bin:/home/jaewoong/.local/bin:/home/jaewoong/.local/bin:/home/jaewoong/.local/bin:/home/jaewoong/.local/bin:/home/jaewoong/.local/bin:/opt/ros/humble/bin:/usr/local/sbin:/usr/local/bin:/usr/sbin:/usr/bin:/sbin:/bin:/usr/games:/usr/local/games:/snap/bin:/snap/bin'), ('SESSION_MANAGER', 'local/jaewoong:@/tmp/.ICE-unix/5027,unix/jaewoong:/tmp/.ICE-unix/5027'), ('INVOCATION_ID', '42fc52e34d7c4915b26f138742f9d0f0'), ('PAPERSIZE', 'a4'), ('XDG_MENU_PREFIX', 'gnome-'), ('LC_ADDRESS', 'ko_KR.UTF-8'), ('XDG_RUNTIME_DIR', '/run/user/1000'), ('DISPLAY', ':1'), ('TERMINATOR_DBUS_PATH', '/net/tenshu/Terminator2'), ('LANG', 'en_US.UTF-8'), ('XDG_CURRENT_DESKTOP', 'ubuntu:GNOME'), ('IBUS_DISABLE_SNOOPER', '1'), ('LC_TELEPHONE', 'ko_KR.UTF-8'), ('XMODIFIERS', '@im=ibus'), ('XDG_SESSION_DESKTOP', 'ubuntu'), ('XAUTHORITY', '/run/user/1000/gdm/Xauthority'), ('SSH_AGENT_LAUNCHER', 'gnome-keyring'), ('SSH_AUTH_SOCK', '/run/user/1000/keyring/ssh'), ('ROS_DOMAIN_ID', '0'), ('AMENT_PREFIX_PATH', '/home/jaewoong/go2_ws/install/unitree_ros2_example:/home/jaewoong/go2_ws/install/go2_robot:/home/jaewoong/go2_ws/install/go2_imu_bridge:/home/jaewoong/go2_ws/install/go2_bringup:/home/jaewoong/go2_ws/install/go2_driver:/home/jaewoong/go2_ws/install/go2_demo:/home/jaewoong/go2_ws/install/cango_driver:/home/jaewoong/go2_ws/install/unitree_go:/home/jaewoong/go2_ws/install/unitree_api:/home/jaewoong/go2_ws/install/serial_joy_receiver:/home/jaewoong/go2_ws/install/rko_lio:/home/jaewoong/go2_ws/install/pgo:/home/jaewoong/go2_ws/install/localizer:/home/jaewoong/go2_ws/install/lio_sam_hesai:/home/jaewoong/go2_ws/install/hba:/home/jaewoong/go2_ws/install/interface:/home/jaewoong/go2_ws/install/hesai_ros_driver:/home/jaewoong/go2_ws/install/go2_rviz:/home/jaewoong/go2_ws/install/go2_interfaces:/home/jaewoong/go2_ws/install/go2_description:/home/jaewoong/go2_ws/install/fastlio2:/home/jaewoong/go2_ws/install/cango_msgs:/home/jaewoong/colcon_Ws/install/rs_motor_ros2:/home/jaewoong/colcon_Ws/install/robstride_dk:/home/jaewoong/colcon_Ws/install/robstride_motor_msgs:/home/jaewoong/ros2_ws/install/unitree_ros2_example:/home/jaewoong/ros2_ws/install/unitree_hg:/home/jaewoong/ros2_ws/install/unitree_go:/home/jaewoong/ros2_ws/install/unitree_api:/opt/ros/humble'), ('SHELL', '/bin/bash'), ('LC_NAME', 'ko_KR.UTF-8'), ('TERMINATOR_UUID', 'urn:uuid:c2919c15-d3cc-42a9-a96a-7b67eb430bca'), ('QT_ACCESSIBILITY', '1'), ('GDMSESSION', 'ubuntu'), ('LC_MEASUREMENT', 'ko_KR.UTF-8'), ('GPG_AGENT_INFO', '/run/user/1000/gnupg/S.gpg-agent:0:1'), ('LC_IDENTIFICATION', 'ko_KR.UTF-8'), ('QT_IM_MODULE', 'ibus'), ('PWD', '/home/jaewoong/go2_ws/src/serial_joy_receiver/build/serial_joy_receiver'), ('LC_ALL', 'en_US.UTF-8'), ('XDG_CONFIG_DIRS', '/etc/xdg/xdg-ubuntu:/etc/xdg'), ('XDG_DATA_DIRS', '/usr/share/ubuntu:/usr/share/gnome:/usr/local/share/:/usr/share/:/var/lib/snapd/desktop'), ('PYTHONPATH', '/home/jaewoong/go2_ws/install/go2_imu_bridge/lib/python3.10/site-packages:/home/jaewoong/go2_ws/install/unitree_go/local/lib/python3.10/dist-packages:/home/jaewoong/go2_ws/install/unitree_api/local/lib/python3.10/dist-packages:/home/jaewoong/go2_ws/install/lio_sam_hesai/local/lib/python3.10/dist-packages:/home/jaewoong/go2_ws/install/interface/local/lib/python3.10/dist-packages:/home/jaewoong/go2_ws/install/hesai_ros_driver/local/lib/python3.10/dist-packages:/home/jaewoong/go2_ws/install/go2_interfaces/local/lib/python3.10/dist-packages:/home/jaewoong/go2_ws/install/cango_msgs/local/lib/python3.10/dist-packages:/home/jaewoong/colcon_Ws/install/robstride_motor_msgs/local/lib/python3.10/dist-packages:/home/jaewoong/ros2_ws/install/unitree_hg/local/lib/python3.10/dist-packages:/home/jaewoong/ros2_ws/install/unitree_go/local/lib/python3.10/dist-packages:/home/jaewoong/ros2_ws/install/unitree_api/local/lib/python3.10/dist-packages:/opt/ros/humble/lib/python3.10/site-packages:/opt/ros/humble/local/lib/python3.10/dist-packages'), ('LC_NUMERIC', 'ko_KR.UTF-8'), ('LC_PAPER', 'ko_KR.UTF-8'), ('COLCON', '1'), ('VTE_VERSION', '6800'), ('CMAKE_PREFIX_PATH', '/home/jaewoong/go2_ws/install/unitree_ros2_example:/home/jaewoong/go2_ws/install/go2_robot:/home/jaewoong/go2_ws/install/go2_bringup:/home/jaewoong/go2_ws/install/go2_driver:/home/jaewoong/go2_ws/install/go2_demo:/home/jaewoong/go2_ws/install/cango_driver:/home/jaewoong/go2_ws/install/unitree_go:/home/jaewoong/go2_ws/install/unitree_api:/home/jaewoong/go2_ws/install/serial_joy_receiver:/home/jaewoong/go2_ws/install/rko_lio:/home/jaewoong/go2_ws/install/pgo:/home/jaewoong/go2_ws/install/localizer:/home/jaewoong/go2_ws/install/lio_sam_hesai:/home/jaewoong/go2_ws/install/hba:/home/jaewoong/go2_ws/install/interface:/home/jaewoong/go2_ws/install/hesai_ros_driver:/home/jaewoong/go2_ws/install/go2_rviz:/home/jaewoong/go2_ws/install/go2_interfaces:/home/jaewoong/go2_ws/install/go2_description:/home/jaewoong/go2_ws/install/fastlio2:/home/jaewoong/go2_ws/install/cango_msgs:/home/jaewoong/colcon_Ws/install/rs_motor_ros2:/home/jaewoong/colcon_Ws/install/robstride_dk:/home/jaewoong/colcon_Ws/install/robstride_motor_msgs:/home/jaewoong/ros2_ws/install/unitree_ros2_example:/home/jaewoong/ros2_ws/install/unitree_hg:/home/jaewoong/ros2_ws/install/unitree_go:/home/jaewoong/ros2_ws/install/unitree_api:/home/jaewoong/go2_ws/install/go2_imu_bridge:/opt/ros/humble')]), 'shell': False}
[0.022574] (serial_joy_receiver) StdoutLine: {'line': b'-- Found ament_cmake: 1.3.12 (/opt/ros/humble/share/ament_cmake/cmake)\n'}
[0.099852] (-) TimerEvent: {}
[0.135446] (serial_joy_receiver) StdoutLine: {'line': b'-- Found rclcpp: 16.0.16 (/opt/ros/humble/share/rclcpp/cmake)\n'}
[0.156735] (serial_joy_receiver) StdoutLine: {'line': b'-- Found rosidl_generator_c: 3.1.7 (/opt/ros/humble/share/rosidl_generator_c/cmake)\n'}
[0.158408] (serial_joy_receiver) StdoutLine: {'line': b'-- Found rosidl_adapter: 3.1.7 (/opt/ros/humble/share/rosidl_adapter/cmake)\n'}
[0.162350] (serial_joy_receiver) StdoutLine: {'line': b'-- Found rosidl_generator_cpp: 3.1.7 (/opt/ros/humble/share/rosidl_generator_cpp/cmake)\n'}
[0.169354] (serial_joy_receiver) StdoutLine: {'line': b'-- Using all available rosidl_typesupport_c: rosidl_typesupport_fastrtps_c;rosidl_typesupport_introspection_c\n'}
[0.182295] (serial_joy_receiver) StdoutLine: {'line': b'-- Using all available rosidl_typesupport_cpp: rosidl_typesupport_fastrtps_cpp;rosidl_typesupport_introspection_cpp\n'}
[0.200013] (-) TimerEvent: {}
[0.204417] (serial_joy_receiver) StdoutLine: {'line': b'-- Found rmw_implementation_cmake: 6.1.2 (/opt/ros/humble/share/rmw_implementation_cmake/cmake)\n'}
[0.205981] (serial_joy_receiver) StdoutLine: {'line': b'-- Found rmw_fastrtps_cpp: 6.2.9 (/opt/ros/humble/share/rmw_fastrtps_cpp/cmake)\n'}
[0.276036] (serial_joy_receiver) StdoutLine: {'line': b"-- Using RMW implementation 'rmw_fastrtps_cpp' as default\n"}
[0.300253] (-) TimerEvent: {}
[0.306852] (serial_joy_receiver) StdoutLine: {'line': b'-- Found sensor_msgs: 4.9.0 (/opt/ros/humble/share/sensor_msgs/cmake)\n'}
[0.370705] (serial_joy_receiver) StdoutLine: {'line': b'-- Configuring done\n'}
[0.376459] (serial_joy_receiver) StdoutLine: {'line': b'-- Generating done\n'}
[0.378859] (serial_joy_receiver) StdoutLine: {'line': b'-- Build files have been written to: /home/jaewoong/go2_ws/src/serial_joy_receiver/build/serial_joy_receiver\n'}
[0.384639] (serial_joy_receiver) CommandEnded: {'returncode': 0}
[0.385092] (serial_joy_receiver) JobProgress: {'identifier': 'serial_joy_receiver', 'progress': 'build'}
[0.385122] (serial_joy_receiver) Command: {'cmd': ['/usr/bin/cmake', '--build', '/home/jaewoong/go2_ws/src/serial_joy_receiver/build/serial_joy_receiver', '--', '-j32', '-l32'], 'cwd': '/home/jaewoong/go2_ws/src/serial_joy_receiver/build/serial_joy_receiver', 'env': OrderedDict([('LANGUAGE', 'en'), ('USER', 'jaewoong'), ('ROS2_DISABLE_DAEMON', '1'), ('LC_TIME', 'ko_KR.UTF-8'), ('XDG_SESSION_TYPE', 'x11'), ('SHLVL', '1'), ('LD_LIBRARY_PATH', '/home/jaewoong/go2_ws/install/go2_driver/lib:/home/jaewoong/go2_ws/install/unitree_go/lib:/home/jaewoong/go2_ws/install/unitree_api/lib:/home/jaewoong/go2_ws/install/rko_lio/lib:/home/jaewoong/go2_ws/install/lio_sam_hesai/lib:/home/jaewoong/go2_ws/install/interface/lib:/home/jaewoong/go2_ws/install/hesai_ros_driver/lib:/home/jaewoong/go2_ws/install/go2_interfaces/lib:/home/jaewoong/go2_ws/install/cango_msgs/lib:/home/jaewoong/colcon_Ws/install/robstride_motor_msgs/lib:/home/jaewoong/ros2_ws/install/unitree_hg/lib:/home/jaewoong/ros2_ws/install/unitree_go/lib:/home/jaewoong/ros2_ws/install/unitree_api/lib:/opt/ros/humble/opt/rviz_ogre_vendor/lib:/opt/ros/humble/lib/x86_64-linux-gnu:/opt/ros/humble/lib'), ('HOME', '/home/jaewoong'), ('OLDPWD', '/home/jaewoong/go2_ws/src/serial_joy_receiver/src'), ('DESKTOP_SESSION', 'ubuntu'), ('ROS_PYTHON_VERSION', '3'), ('GNOME_SHELL_SESSION_MODE', 'ubuntu'), ('GTK_MODULES', 'gail:atk-bridge'), ('LC_MONETARY', 'ko_KR.UTF-8'), ('MANAGERPID', '3889'), ('SYSTEMD_EXEC_PID', '5528'), ('DBUS_SESSION_BUS_ADDRESS', 'unix:path=/run/user/1000/bus'), ('COLORTERM', 'truecolor'), ('TERMINATOR_DBUS_NAME', 'net.tenshu.Terminator23558193cd9818af7fe4d2c2f5bd9d00f'), ('GIO_LAUNCHED_DESKTOP_FILE_PID', '6341'), ('COLCON_PREFIX_PATH', '/home/jaewoong/colcon_Ws/install:/home/jaewoong/go2_ws/install:/home/jaewoong/ros2_ws/install'), ('ROS_DISTRO', 'humble'), ('GTK_IM_MODULE', 'ibus'), ('LOGNAME', 'jaewoong'), ('JOURNAL_STREAM', '8:43627'), ('_', '/usr/bin/colcon'), ('ROS_VERSION', '2'), ('XDG_SESSION_CLASS', 'user'), ('USERNAME', 'jaewoong'), ('TERM', 'xterm-256color'), ('GNOME_DESKTOP_SESSION_ID', 'this-is-deprecated'), ('ROS_LOCALHOST_ONLY', '0'), ('WINDOWPATH', '2'), ('PATH', '/home/jaewoong/.local/bin:/home/jaewoong/.local/bin:/home/jaewoong/.local/bin:/home/jaewoong/.local/bin:/home/jaewoong/.local/bin:/home/jaewoong/.local/bin:/home/jaewoong/.local/bin:/home/jaewoong/.local/bin:/home/jaewoong/.local/bin:/home/jaewoong/.local/bin:/home/jaewoong/.local/bin:/home/jaewoong/.local/bin:/home/jaewoong/.local/bin:/home/jaewoong/.local/bin:/home/jaewoong/.local/bin:/home/jaewoong/.local/bin:/opt/ros/humble/bin:/usr/local/sbin:/usr/local/bin:/usr/sbin:/usr/bin:/sbin:/bin:/usr/games:/usr/local/games:/snap/bin:/snap/bin'), ('SESSION_MANAGER', 'local/jaewoong:@/tmp/.ICE-unix/5027,unix/jaewoong:/tmp/.ICE-unix/5027'), ('INVOCATION_ID', '42fc52e34d7c4915b26f138742f9d0f0'), ('PAPERSIZE', 'a4'), ('XDG_MENU_PREFIX', 'gnome-'), ('LC_ADDRESS', 'ko_KR.UTF-8'), ('XDG_RUNTIME_DIR', '/run/user/1000'), ('DISPLAY', ':1'), ('TERMINATOR_DBUS_PATH', '/net/tenshu/Terminator2'), ('LANG', 'en_US.UTF-8'), ('XDG_CURRENT_DESKTOP', 'ubuntu:GNOME'), ('IBUS_DISABLE_SNOOPER', '1'), ('LC_TELEPHONE', 'ko_KR.UTF-8'), ('XMODIFIERS', '@im=ibus'), ('XDG_SESSION_DESKTOP', 'ubuntu'), ('XAUTHORITY', '/run/user/1000/gdm/Xauthority'), ('SSH_AGENT_LAUNCHER', 'gnome-keyring'), ('SSH_AUTH_SOCK', '/run/user/1000/keyring/ssh'), ('ROS_DOMAIN_ID', '0'), ('AMENT_PREFIX_PATH', '/home/jaewoong/go2_ws/install/unitree_ros2_example:/home/jaewoong/go2_ws/install/go2_robot:/home/jaewoong/go2_ws/install/go2_imu_bridge:/home/jaewoong/go2_ws/install/go2_bringup:/home/jaewoong/go2_ws/install/go2_driver:/home/jaewoong/go2_ws/install/go2_demo:/home/jaewoong/go2_ws/install/cango_driver:/home/jaewoong/go2_ws/install/unitree_go:/home/jaewoong/go2_ws/install/unitree_api:/home/jaewoong/go2_ws/install/serial_joy_receiver:/home/jaewoong/go2_ws/install/rko_lio:/home/jaewoong/go2_ws/install/pgo:/home/jaewoong/go2_ws/install/localizer:/home/jaewoong/go2_ws/install/lio_sam_hesai:/home/jaewoong/go2_ws/install/hba:/home/jaewoong/go2_ws/install/interface:/home/jaewoong/go2_ws/install/hesai_ros_driver:/home/jaewoong/go2_ws/install/go2_rviz:/home/jaewoong/go2_ws/install/go2_interfaces:/home/jaewoong/go2_ws/install/go2_description:/home/jaewoong/go2_ws/install/fastlio2:/home/jaewoong/go2_ws/install/cango_msgs:/home/jaewoong/colcon_Ws/install/rs_motor_ros2:/home/jaewoong/colcon_Ws/install/robstride_dk:/home/jaewoong/colcon_Ws/install/robstride_motor_msgs:/home/jaewoong/ros2_ws/install/unitree_ros2_example:/home/jaewoong/ros2_ws/install/unitree_hg:/home/jaewoong/ros2_ws/install/unitree_go:/home/jaewoong/ros2_ws/install/unitree_api:/opt/ros/humble'), ('SHELL', '/bin/bash'), ('LC_NAME', 'ko_KR.UTF-8'), ('TERMINATOR_UUID', 'urn:uuid:c2919c15-d3cc-42a9-a96a-7b67eb430bca'), ('QT_ACCESSIBILITY', '1'), ('GDMSESSION', 'ubuntu'), ('LC_MEASUREMENT', 'ko_KR.UTF-8'), ('GPG_AGENT_INFO', '/run/user/1000/gnupg/S.gpg-agent:0:1'), ('LC_IDENTIFICATION', 'ko_KR.UTF-8'), ('QT_IM_MODULE', 'ibus'), ('PWD', '/home/jaewoong/go2_ws/src/serial_joy_receiver/build/serial_joy_receiver'), ('LC_ALL', 'en_US.UTF-8'), ('XDG_CONFIG_DIRS', '/etc/xdg/xdg-ubuntu:/etc/xdg'), ('XDG_DATA_DIRS', '/usr/share/ubuntu:/usr/share/gnome:/usr/local/share/:/usr/share/:/var/lib/snapd/desktop'), ('PYTHONPATH', '/home/jaewoong/go2_ws/install/go2_imu_bridge/lib/python3.10/site-packages:/home/jaewoong/go2_ws/install/unitree_go/local/lib/python3.10/dist-packages:/home/jaewoong/go2_ws/install/unitree_api/local/lib/python3.10/dist-packages:/home/jaewoong/go2_ws/install/lio_sam_hesai/local/lib/python3.10/dist-packages:/home/jaewoong/go2_ws/install/interface/local/lib/python3.10/dist-packages:/home/jaewoong/go2_ws/install/hesai_ros_driver/local/lib/python3.10/dist-packages:/home/jaewoong/go2_ws/install/go2_interfaces/local/lib/python3.10/dist-packages:/home/jaewoong/go2_ws/install/cango_msgs/local/lib/python3.10/dist-packages:/home/jaewoong/colcon_Ws/install/robstride_motor_msgs/local/lib/python3.10/dist-packages:/home/jaewoong/ros2_ws/install/unitree_hg/local/lib/python3.10/dist-packages:/home/jaewoong/ros2_ws/install/unitree_go/local/lib/python3.10/dist-packages:/home/jaewoong/ros2_ws/install/unitree_api/local/lib/python3.10/dist-packages:/opt/ros/humble/lib/python3.10/site-packages:/opt/ros/humble/local/lib/python3.10/dist-packages'), ('LC_NUMERIC', 'ko_KR.UTF-8'), ('LC_PAPER', 'ko_KR.UTF-8'), ('COLCON', '1'), ('VTE_VERSION', '6800'), ('CMAKE_PREFIX_PATH', '/home/jaewoong/go2_ws/install/unitree_ros2_example:/home/jaewoong/go2_ws/install/go2_robot:/home/jaewoong/go2_ws/install/go2_bringup:/home/jaewoong/go2_ws/install/go2_driver:/home/jaewoong/go2_ws/install/go2_demo:/home/jaewoong/go2_ws/install/cango_driver:/home/jaewoong/go2_ws/install/unitree_go:/home/jaewoong/go2_ws/install/unitree_api:/home/jaewoong/go2_ws/install/serial_joy_receiver:/home/jaewoong/go2_ws/install/rko_lio:/home/jaewoong/go2_ws/install/pgo:/home/jaewoong/go2_ws/install/localizer:/home/jaewoong/go2_ws/install/lio_sam_hesai:/home/jaewoong/go2_ws/install/hba:/home/jaewoong/go2_ws/install/interface:/home/jaewoong/go2_ws/install/hesai_ros_driver:/home/jaewoong/go2_ws/install/go2_rviz:/home/jaewoong/go2_ws/install/go2_interfaces:/home/jaewoong/go2_ws/install/go2_description:/home/jaewoong/go2_ws/install/fastlio2:/home/jaewoong/go2_ws/install/cango_msgs:/home/jaewoong/colcon_Ws/install/rs_motor_ros2:/home/jaewoong/colcon_Ws/install/robstride_dk:/home/jaewoong/colcon_Ws/install/robstride_motor_msgs:/home/jaewoong/ros2_ws/install/unitree_ros2_example:/home/jaewoong/ros2_ws/install/unitree_hg:/home/jaewoong/ros2_ws/install/unitree_go:/home/jaewoong/ros2_ws/install/unitree_api:/home/jaewoong/go2_ws/install/go2_imu_bridge:/opt/ros/humble')]), 'shell': False}
[0.400409] (-) TimerEvent: {}
[0.444170] (serial_joy_receiver) StdoutLine: {'line': b'[ 25%] \x1b[32mBuilding CXX object CMakeFiles/serial_trigger_sender.dir/src/serial_trigger_sender.cpp.o\x1b[0m\n'}
[0.445676] (serial_joy_receiver) StdoutLine: {'line': b'[ 50%] \x1b[32mBuilding CXX object CMakeFiles/serial_joystick_receiver.dir/src/serial_joystick_receiver.cpp.o\x1b[0m\n'}
[0.455128] (serial_joy_receiver) StderrLine: {'line': b'\x1b[01m\x1b[K/home/jaewoong/go2_ws/src/serial_joy_receiver/src/serial_trigger_sender.cpp:5:10:\x1b[m\x1b[K \x1b[01;31m\x1b[Kfatal error: \x1b[m\x1b[Krclcpp/rclcpp.hpp: No such file or directory\n'}
[0.455347] (serial_joy_receiver) StderrLine: {'line': b'    5 | #include \x1b[01;31m\x1b[K<rclcpp/rclcpp.hpp>\x1b[m\x1b[K\n'}
[0.455612] (serial_joy_receiver) StderrLine: {'line': b'      |          \x1b[01;31m\x1b[K^~~~~~~~~~~~~~~~~~~\x1b[m\x1b[K\n'}
[0.455654] (serial_joy_receiver) StderrLine: {'line': b'compilation terminated.\n'}
[0.455855] (serial_joy_receiver) StderrLine: {'line': b'gmake[2]: *** [CMakeFiles/serial_trigger_sender.dir/build.make:76: CMakeFiles/serial_trigger_sender.dir/src/serial_trigger_sender.cpp.o] Error 1\n'}
[0.455931] (serial_joy_receiver) StderrLine: {'line': b'gmake[1]: *** [CMakeFiles/Makefile2:165: CMakeFiles/serial_trigger_sender.dir/all] Error 2\n'}
[0.455968] (serial_joy_receiver) StderrLine: {'line': b'gmake[1]: *** Waiting for unfinished jobs....\n'}
[0.500563] (-) TimerEvent: {}
[0.600861] (-) TimerEvent: {}
[0.701162] (-) TimerEvent: {}
[0.801476] (-) TimerEvent: {}
[0.901797] (-) TimerEvent: {}
[1.002112] (-) TimerEvent: {}
[1.102351] (-) TimerEvent: {}
[1.202581] (-) TimerEvent: {}
[1.302841] (-) TimerEvent: {}
[1.403174] (-) TimerEvent: {}
[1.503527] (-) TimerEvent: {}
[1.603829] (-) TimerEvent: {}
[1.704217] (-) TimerEvent: {}
[1.804539] (-) TimerEvent: {}
[1.904789] (-) TimerEvent: {}
[2.005009] (-) TimerEvent: {}
[2.105314] (-) TimerEvent: {}
[2.205550] (-) TimerEvent: {}
[2.305803] (-) TimerEvent: {}
[2.406107] (-) TimerEvent: {}
[2.506474] (-) TimerEvent: {}
[2.606853] (-) TimerEvent: {}
[2.707179] (-) TimerEvent: {}
[2.807481] (-) TimerEvent: {}
[2.907808] (-) TimerEvent: {}
[3.008132] (-) TimerEvent: {}
[3.108371] (-) TimerEvent: {}
[3.208688] (-) TimerEvent: {}
[3.236039] (serial_joy_receiver) StdoutLine: {'line': b'[ 75%] \x1b[32m\x1b[1mLinking CXX executable serial_joystick_receiver\x1b[0m\n'}
[3.308843] (-) TimerEvent: {}
[3.402695] (serial_joy_receiver) StdoutLine: {'line': b'[ 75%] Built target serial_joystick_receiver\n'}
[3.404042] (serial_joy_receiver) StderrLine: {'line': b'gmake: *** [Makefile:146: all] Error 2\n'}
[3.406703] (serial_joy_receiver) CommandEnded: {'returncode': 2}
[3.408918] (-) TimerEvent: {}
[3.413626] (serial_joy_receiver) JobEnded: {'identifier': 'serial_joy_receiver', 'rc': 2}
[3.424128] (-) EventReactorShutdown: {}
