[0.000000] (-) TimerEvent: {}
[0.000364] (serial_joy_receiver) JobQueued: {'identifier': 'serial_joy_receiver', 'dependencies': OrderedDict()}
[0.000634] (serial_joy_receiver) JobStarted: {'identifier': 'serial_joy_receiver'}
[0.007927] (serial_joy_receiver) JobProgress: {'identifier': 'serial_joy_receiver', 'progress': 'cmake'}
[0.008514] (serial_joy_receiver) JobProgress: {'identifier': 'serial_joy_receiver', 'progress': 'build'}
[0.009142] (serial_joy_receiver) Command: {'cmd': ['/usr/bin/cmake', '--build', '/home/jaewoong/go2_ws/src/serial_joy_receiver/build/serial_joy_receiver', '--', '-j32', '-l32'], 'cwd': '/home/jaewoong/go2_ws/src/serial_joy_receiver/build/serial_joy_receiver', 'env': OrderedDict([('LANGUAGE', 'en'), ('USER', 'jaewoong'), ('ROS2_DISABLE_DAEMON', '1'), ('LC_TIME', 'ko_KR.UTF-8'), ('XDG_SESSION_TYPE', 'x11'), ('SHLVL', '1'), ('LD_LIBRARY_PATH', '/home/jaewoong/go2_ws/install/go2_driver/lib:/home/jaewoong/go2_ws/install/unitree_go/lib:/home/jaewoong/go2_ws/install/unitree_api/lib:/home/jaewoong/go2_ws/install/rko_lio/lib:/home/jaewoong/go2_ws/install/lio_sam_hesai/lib:/home/jaewoong/go2_ws/install/interface/lib:/home/jaewoong/go2_ws/install/hesai_ros_driver/lib:/home/jaewoong/go2_ws/install/go2_interfaces/lib:/home/jaewoong/go2_ws/install/cango_msgs/lib:/home/jaewoong/colcon_Ws/install/robstride_motor_msgs/lib:/home/jaewoong/ros2_ws/install/unitree_hg/lib:/home/jaewoong/ros2_ws/install/unitree_go/lib:/home/jaewoong/ros2_ws/install/unitree_api/lib:/opt/ros/humble/opt/rviz_ogre_vendor/lib:/opt/ros/humble/lib/x86_64-linux-gnu:/opt/ros/humble/lib'), ('HOME', '/home/jaewoong'), ('OLDPWD', '/home/jaewoong/go2_ws/src/serial_joy_receiver/src'), ('DESKTOP_SESSION', 'ubuntu'), ('ROS_PYTHON_VERSION', '3'), ('GNOME_SHELL_SESSION_MODE', 'ubuntu'), ('GTK_MODULES', 'gail:atk-bridge'), ('LC_MONETARY', 'ko_KR.UTF-8'), ('MANAGERPID', '3889'), ('SYSTEMD_EXEC_PID', '5528'), ('DBUS_SESSION_BUS_ADDRESS', 'unix:path=/run/user/1000/bus'), ('COLORTERM', 'truecolor'), ('TERMINATOR_DBUS_NAME', 'net.tenshu.Terminator23558193cd9818af7fe4d2c2f5bd9d00f'), ('GIO_LAUNCHED_DESKTOP_FILE_PID', '6341'), ('COLCON_PREFIX_PATH', '/home/jaewoong/colcon_Ws/install:/home/jaewoong/go2_ws/install:/home/jaewoong/ros2_ws/install'), ('ROS_DISTRO', 'humble'), ('GTK_IM_MODULE', 'ibus'), ('LOGNAME', 'jaewoong'), ('JOURNAL_STREAM', '8:43627'), ('_', '/usr/bin/colcon'), ('ROS_VERSION', '2'), ('XDG_SESSION_CLASS', 'user'), ('USERNAME', 'jaewoong'), ('TERM', 'xterm-256color'), ('GNOME_DESKTOP_SESSION_ID', 'this-is-deprecated'), ('ROS_LOCALHOST_ONLY', '0'), ('WINDOWPATH', '2'), ('PATH', '/home/jaewoong/.local/bin:/home/jaewoong/.local/bin:/home/jaewoong/.local/bin:/home/jaewoong/.local/bin:/home/jaewoong/.local/bin:/home/jaewoong/.local/bin:/home/jaewoong/.local/bin:/home/jaewoong/.local/bin:/home/jaewoong/.local/bin:/home/jaewoong/.local/bin:/home/jaewoong/.local/bin:/home/jaewoong/.local/bin:/home/jaewoong/.local/bin:/home/jaewoong/.local/bin:/home/jaewoong/.local/bin:/home/jaewoong/.local/bin:/opt/ros/humble/bin:/usr/local/sbin:/usr/local/bin:/usr/sbin:/usr/bin:/sbin:/bin:/usr/games:/usr/local/games:/snap/bin:/snap/bin'), ('SESSION_MANAGER', 'local/jaewoong:@/tmp/.ICE-unix/5027,unix/jaewoong:/tmp/.ICE-unix/5027'), ('INVOCATION_ID', '42fc52e34d7c4915b26f138742f9d0f0'), ('PAPERSIZE', 'a4'), ('XDG_MENU_PREFIX', 'gnome-'), ('LC_ADDRESS', 'ko_KR.UTF-8'), ('XDG_RUNTIME_DIR', '/run/user/1000'), ('DISPLAY', ':1'), ('TERMINATOR_DBUS_PATH', '/net/tenshu/Terminator2'), ('LANG', 'en_US.UTF-8'), ('XDG_CURRENT_DESKTOP', 'ubuntu:GNOME'), ('IBUS_DISABLE_SNOOPER', '1'), ('LC_TELEPHONE', 'ko_KR.UTF-8'), ('XMODIFIERS', '@im=ibus'), ('XDG_SESSION_DESKTOP', 'ubuntu'), ('XAUTHORITY', '/run/user/1000/gdm/Xauthority'), ('SSH_AGENT_LAUNCHER', 'gnome-keyring'), ('SSH_AUTH_SOCK', '/run/user/1000/keyring/ssh'), ('ROS_DOMAIN_ID', '0'), ('AMENT_PREFIX_PATH', '/home/jaewoong/go2_ws/install/unitree_ros2_example:/home/jaewoong/go2_ws/install/go2_robot:/home/jaewoong/go2_ws/install/go2_imu_bridge:/home/jaewoong/go2_ws/install/go2_bringup:/home/jaewoong/go2_ws/install/go2_driver:/home/jaewoong/go2_ws/install/go2_demo:/home/jaewoong/go2_ws/install/cango_driver:/home/jaewoong/go2_ws/install/unitree_go:/home/jaewoong/go2_ws/install/unitree_api:/home/jaewoong/go2_ws/install/serial_joy_receiver:/home/jaewoong/go2_ws/install/rko_lio:/home/jaewoong/go2_ws/install/pgo:/home/jaewoong/go2_ws/install/localizer:/home/jaewoong/go2_ws/install/lio_sam_hesai:/home/jaewoong/go2_ws/install/hba:/home/jaewoong/go2_ws/install/interface:/home/jaewoong/go2_ws/install/hesai_ros_driver:/home/jaewoong/go2_ws/install/go2_rviz:/home/jaewoong/go2_ws/install/go2_interfaces:/home/jaewoong/go2_ws/install/go2_description:/home/jaewoong/go2_ws/install/fastlio2:/home/jaewoong/go2_ws/install/cango_msgs:/home/jaewoong/colcon_Ws/install/rs_motor_ros2:/home/jaewoong/colcon_Ws/install/robstride_dk:/home/jaewoong/colcon_Ws/install/robstride_motor_msgs:/home/jaewoong/ros2_ws/install/unitree_ros2_example:/home/jaewoong/ros2_ws/install/unitree_hg:/home/jaewoong/ros2_ws/install/unitree_go:/home/jaewoong/ros2_ws/install/unitree_api:/opt/ros/humble'), ('SHELL', '/bin/bash'), ('LC_NAME', 'ko_KR.UTF-8'), ('TERMINATOR_UUID', 'urn:uuid:c2919c15-d3cc-42a9-a96a-7b67eb430bca'), ('QT_ACCESSIBILITY', '1'), ('GDMSESSION', 'ubuntu'), ('LC_MEASUREMENT', 'ko_KR.UTF-8'), ('GPG_AGENT_INFO', '/run/user/1000/gnupg/S.gpg-agent:0:1'), ('LC_IDENTIFICATION', 'ko_KR.UTF-8'), ('QT_IM_MODULE', 'ibus'), ('PWD', '/home/jaewoong/go2_ws/src/serial_joy_receiver/build/serial_joy_receiver'), ('LC_ALL', 'en_US.UTF-8'), ('XDG_CONFIG_DIRS', '/etc/xdg/xdg-ubuntu:/etc/xdg'), ('XDG_DATA_DIRS', '/usr/share/ubuntu:/usr/share/gnome:/usr/local/share/:/usr/share/:/var/lib/snapd/desktop'), ('PYTHONPATH', '/home/jaewoong/go2_ws/install/go2_imu_bridge/lib/python3.10/site-packages:/home/jaewoong/go2_ws/install/unitree_go/local/lib/python3.10/dist-packages:/home/jaewoong/go2_ws/install/unitree_api/local/lib/python3.10/dist-packages:/home/jaewoong/go2_ws/install/lio_sam_hesai/local/lib/python3.10/dist-packages:/home/jaewoong/go2_ws/install/interface/local/lib/python3.10/dist-packages:/home/jaewoong/go2_ws/install/hesai_ros_driver/local/lib/python3.10/dist-packages:/home/jaewoong/go2_ws/install/go2_interfaces/local/lib/python3.10/dist-packages:/home/jaewoong/go2_ws/install/cango_msgs/local/lib/python3.10/dist-packages:/home/jaewoong/colcon_Ws/install/robstride_motor_msgs/local/lib/python3.10/dist-packages:/home/jaewoong/ros2_ws/install/unitree_hg/local/lib/python3.10/dist-packages:/home/jaewoong/ros2_ws/install/unitree_go/local/lib/python3.10/dist-packages:/home/jaewoong/ros2_ws/install/unitree_api/local/lib/python3.10/dist-packages:/opt/ros/humble/lib/python3.10/site-packages:/opt/ros/humble/local/lib/python3.10/dist-packages'), ('LC_NUMERIC', 'ko_KR.UTF-8'), ('LC_PAPER', 'ko_KR.UTF-8'), ('COLCON', '1'), ('VTE_VERSION', '6800'), ('CMAKE_PREFIX_PATH', '/home/jaewoong/go2_ws/install/unitree_ros2_example:/home/jaewoong/go2_ws/install/go2_robot:/home/jaewoong/go2_ws/install/go2_bringup:/home/jaewoong/go2_ws/install/go2_driver:/home/jaewoong/go2_ws/install/go2_demo:/home/jaewoong/go2_ws/install/cango_driver:/home/jaewoong/go2_ws/install/unitree_go:/home/jaewoong/go2_ws/install/unitree_api:/home/jaewoong/go2_ws/install/serial_joy_receiver:/home/jaewoong/go2_ws/install/rko_lio:/home/jaewoong/go2_ws/install/pgo:/home/jaewoong/go2_ws/install/localizer:/home/jaewoong/go2_ws/install/lio_sam_hesai:/home/jaewoong/go2_ws/install/hba:/home/jaewoong/go2_ws/install/interface:/home/jaewoong/go2_ws/install/hesai_ros_driver:/home/jaewoong/go2_ws/install/go2_rviz:/home/jaewoong/go2_ws/install/go2_interfaces:/home/jaewoong/go2_ws/install/go2_description:/home/jaewoong/go2_ws/install/fastlio2:/home/jaewoong/go2_ws/install/cango_msgs:/home/jaewoong/colcon_Ws/install/rs_motor_ros2:/home/jaewoong/colcon_Ws/install/robstride_dk:/home/jaewoong/colcon_Ws/install/robstride_motor_msgs:/home/jaewoong/ros2_ws/install/unitree_ros2_example:/home/jaewoong/ros2_ws/install/unitree_hg:/home/jaewoong/ros2_ws/install/unitree_go:/home/jaewoong/ros2_ws/install/unitree_api:/home/jaewoong/go2_ws/install/go2_imu_bridge:/opt/ros/humble')]), 'shell': False}
[0.037073] (serial_joy_receiver) StdoutLine: {'line': b'-- Found ament_cmake: 1.3.12 (/opt/ros/humble/share/ament_cmake/cmake)\n'}
[0.100032] (-) TimerEvent: {}
[0.146781] (serial_joy_receiver) StdoutLine: {'line': b'-- Found rclcpp: 16.0.16 (/opt/ros/humble/share/rclcpp/cmake)\n'}
[0.165355] (serial_joy_receiver) StdoutLine: {'line': b'-- Found rosidl_generator_c: 3.1.7 (/opt/ros/humble/share/rosidl_generator_c/cmake)\n'}
[0.166920] (serial_joy_receiver) StdoutLine: {'line': b'-- Found rosidl_adapter: 3.1.7 (/opt/ros/humble/share/rosidl_adapter/cmake)\n'}
[0.170654] (serial_joy_receiver) StdoutLine: {'line': b'-- Found rosidl_generator_cpp: 3.1.7 (/opt/ros/humble/share/rosidl_generator_cpp/cmake)\n'}
[0.177151] (serial_joy_receiver) StdoutLine: {'line': b'-- Using all available rosidl_typesupport_c: rosidl_typesupport_fastrtps_c;rosidl_typesupport_introspection_c\n'}
[0.185516] (serial_joy_receiver) StdoutLine: {'line': b'-- Using all available rosidl_typesupport_cpp: rosidl_typesupport_fastrtps_cpp;rosidl_typesupport_introspection_cpp\n'}
[0.200082] (-) TimerEvent: {}
[0.206274] (serial_joy_receiver) StdoutLine: {'line': b'-- Found rmw_implementation_cmake: 6.1.2 (/opt/ros/humble/share/rmw_implementation_cmake/cmake)\n'}
[0.207915] (serial_joy_receiver) StdoutLine: {'line': b'-- Found rmw_fastrtps_cpp: 6.2.9 (/opt/ros/humble/share/rmw_fastrtps_cpp/cmake)\n'}
[0.288014] (serial_joy_receiver) StdoutLine: {'line': b"-- Using RMW implementation 'rmw_fastrtps_cpp' as default\n"}
[0.300194] (-) TimerEvent: {}
[0.321113] (serial_joy_receiver) StdoutLine: {'line': b'-- Found sensor_msgs: 4.9.0 (/opt/ros/humble/share/sensor_msgs/cmake)\n'}
[0.385788] (serial_joy_receiver) StdoutLine: {'line': b'-- Configuring done\n'}
[0.392450] (serial_joy_receiver) StdoutLine: {'line': b'-- Generating done\n'}
[0.395554] (serial_joy_receiver) StdoutLine: {'line': b'-- Build files have been written to: /home/jaewoong/go2_ws/src/serial_joy_receiver/build/serial_joy_receiver\n'}
[0.400339] (-) TimerEvent: {}
[0.419415] (serial_joy_receiver) StdoutLine: {'line': b'\x1b[35m\x1b[1mConsolidate compiler generated dependencies of target serial_joystick_receiver\x1b[0m\n'}
[0.426604] (serial_joy_receiver) StdoutLine: {'line': b'[ 25%] \x1b[32mBuilding CXX object CMakeFiles/serial_trigger_sender.dir/src/serial_trigger_sender.cpp.o\x1b[0m\n'}
[0.434368] (serial_joy_receiver) StdoutLine: {'line': b'[ 75%] Built target serial_joystick_receiver\n'}
[0.500427] (-) TimerEvent: {}
[0.600741] (-) TimerEvent: {}
[0.701046] (-) TimerEvent: {}
[0.801333] (-) TimerEvent: {}
[0.901715] (-) TimerEvent: {}
[1.002029] (-) TimerEvent: {}
[1.102306] (-) TimerEvent: {}
[1.202599] (-) TimerEvent: {}
[1.302941] (-) TimerEvent: {}
[1.403184] (-) TimerEvent: {}
[1.503423] (-) TimerEvent: {}
[1.603748] (-) TimerEvent: {}
[1.703997] (-) TimerEvent: {}
[1.804245] (-) TimerEvent: {}
[1.904442] (-) TimerEvent: {}
[2.004747] (-) TimerEvent: {}
[2.105070] (-) TimerEvent: {}
[2.205438] (-) TimerEvent: {}
[2.305753] (-) TimerEvent: {}
[2.406072] (-) TimerEvent: {}
[2.506399] (-) TimerEvent: {}
[2.606723] (-) TimerEvent: {}
[2.707069] (-) TimerEvent: {}
[2.807385] (-) TimerEvent: {}
[2.907706] (-) TimerEvent: {}
[3.008033] (-) TimerEvent: {}
[3.108372] (-) TimerEvent: {}
[3.208684] (-) TimerEvent: {}
[3.309062] (-) TimerEvent: {}
[3.409370] (-) TimerEvent: {}
[3.509676] (-) TimerEvent: {}
[3.609976] (-) TimerEvent: {}
[3.710281] (-) TimerEvent: {}
[3.810580] (-) TimerEvent: {}
[3.910897] (-) TimerEvent: {}
[4.011190] (-) TimerEvent: {}
[4.111440] (-) TimerEvent: {}
[4.211679] (-) TimerEvent: {}
[4.311945] (-) TimerEvent: {}
[4.412231] (-) TimerEvent: {}
[4.512443] (-) TimerEvent: {}
[4.612741] (-) TimerEvent: {}
[4.713073] (-) TimerEvent: {}
[4.813405] (-) TimerEvent: {}
[4.913754] (-) TimerEvent: {}
[5.014088] (-) TimerEvent: {}
[5.114403] (-) TimerEvent: {}
[5.162801] (serial_joy_receiver) StdoutLine: {'line': b'[100%] \x1b[32m\x1b[1mLinking CXX executable serial_trigger_sender\x1b[0m\n'}
[5.214580] (-) TimerEvent: {}
[5.314897] (-) TimerEvent: {}
[5.404156] (serial_joy_receiver) StdoutLine: {'line': b'[100%] Built target serial_trigger_sender\n'}
[5.415103] (-) TimerEvent: {}
[5.416271] (serial_joy_receiver) CommandEnded: {'returncode': 0}
[5.417399] (serial_joy_receiver) JobProgress: {'identifier': 'serial_joy_receiver', 'progress': 'install'}
[5.425651] (serial_joy_receiver) Command: {'cmd': ['/usr/bin/cmake', '--install', '/home/jaewoong/go2_ws/src/serial_joy_receiver/build/serial_joy_receiver'], 'cwd': '/home/jaewoong/go2_ws/src/serial_joy_receiver/build/serial_joy_receiver', 'env': OrderedDict([('LANGUAGE', 'en'), ('USER', 'jaewoong'), ('ROS2_DISABLE_DAEMON', '1'), ('LC_TIME', 'ko_KR.UTF-8'), ('XDG_SESSION_TYPE', 'x11'), ('SHLVL', '1'), ('LD_LIBRARY_PATH', '/home/jaewoong/go2_ws/install/go2_driver/lib:/home/jaewoong/go2_ws/install/unitree_go/lib:/home/jaewoong/go2_ws/install/unitree_api/lib:/home/jaewoong/go2_ws/install/rko_lio/lib:/home/jaewoong/go2_ws/install/lio_sam_hesai/lib:/home/jaewoong/go2_ws/install/interface/lib:/home/jaewoong/go2_ws/install/hesai_ros_driver/lib:/home/jaewoong/go2_ws/install/go2_interfaces/lib:/home/jaewoong/go2_ws/install/cango_msgs/lib:/home/jaewoong/colcon_Ws/install/robstride_motor_msgs/lib:/home/jaewoong/ros2_ws/install/unitree_hg/lib:/home/jaewoong/ros2_ws/install/unitree_go/lib:/home/jaewoong/ros2_ws/install/unitree_api/lib:/opt/ros/humble/opt/rviz_ogre_vendor/lib:/opt/ros/humble/lib/x86_64-linux-gnu:/opt/ros/humble/lib'), ('HOME', '/home/jaewoong'), ('OLDPWD', '/home/jaewoong/go2_ws/src/serial_joy_receiver/src'), ('DESKTOP_SESSION', 'ubuntu'), ('ROS_PYTHON_VERSION', '3'), ('GNOME_SHELL_SESSION_MODE', 'ubuntu'), ('GTK_MODULES', 'gail:atk-bridge'), ('LC_MONETARY', 'ko_KR.UTF-8'), ('MANAGERPID', '3889'), ('SYSTEMD_EXEC_PID', '5528'), ('DBUS_SESSION_BUS_ADDRESS', 'unix:path=/run/user/1000/bus'), ('COLORTERM', 'truecolor'), ('TERMINATOR_DBUS_NAME', 'net.tenshu.Terminator23558193cd9818af7fe4d2c2f5bd9d00f'), ('GIO_LAUNCHED_DESKTOP_FILE_PID', '6341'), ('COLCON_PREFIX_PATH', '/home/jaewoong/colcon_Ws/install:/home/jaewoong/go2_ws/install:/home/jaewoong/ros2_ws/install'), ('ROS_DISTRO', 'humble'), ('GTK_IM_MODULE', 'ibus'), ('LOGNAME', 'jaewoong'), ('JOURNAL_STREAM', '8:43627'), ('_', '/usr/bin/colcon'), ('ROS_VERSION', '2'), ('XDG_SESSION_CLASS', 'user'), ('USERNAME', 'jaewoong'), ('TERM', 'xterm-256color'), ('GNOME_DESKTOP_SESSION_ID', 'this-is-deprecated'), ('ROS_LOCALHOST_ONLY', '0'), ('WINDOWPATH', '2'), ('PATH', '/home/jaewoong/.local/bin:/home/jaewoong/.local/bin:/home/jaewoong/.local/bin:/home/jaewoong/.local/bin:/home/jaewoong/.local/bin:/home/jaewoong/.local/bin:/home/jaewoong/.local/bin:/home/jaewoong/.local/bin:/home/jaewoong/.local/bin:/home/jaewoong/.local/bin:/home/jaewoong/.local/bin:/home/jaewoong/.local/bin:/home/jaewoong/.local/bin:/home/jaewoong/.local/bin:/home/jaewoong/.local/bin:/home/jaewoong/.local/bin:/opt/ros/humble/bin:/usr/local/sbin:/usr/local/bin:/usr/sbin:/usr/bin:/sbin:/bin:/usr/games:/usr/local/games:/snap/bin:/snap/bin'), ('SESSION_MANAGER', 'local/jaewoong:@/tmp/.ICE-unix/5027,unix/jaewoong:/tmp/.ICE-unix/5027'), ('INVOCATION_ID', '42fc52e34d7c4915b26f138742f9d0f0'), ('PAPERSIZE', 'a4'), ('XDG_MENU_PREFIX', 'gnome-'), ('LC_ADDRESS', 'ko_KR.UTF-8'), ('XDG_RUNTIME_DIR', '/run/user/1000'), ('DISPLAY', ':1'), ('TERMINATOR_DBUS_PATH', '/net/tenshu/Terminator2'), ('LANG', 'en_US.UTF-8'), ('XDG_CURRENT_DESKTOP', 'ubuntu:GNOME'), ('IBUS_DISABLE_SNOOPER', '1'), ('LC_TELEPHONE', 'ko_KR.UTF-8'), ('XMODIFIERS', '@im=ibus'), ('XDG_SESSION_DESKTOP', 'ubuntu'), ('XAUTHORITY', '/run/user/1000/gdm/Xauthority'), ('SSH_AGENT_LAUNCHER', 'gnome-keyring'), ('SSH_AUTH_SOCK', '/run/user/1000/keyring/ssh'), ('ROS_DOMAIN_ID', '0'), ('AMENT_PREFIX_PATH', '/home/jaewoong/go2_ws/install/unitree_ros2_example:/home/jaewoong/go2_ws/install/go2_robot:/home/jaewoong/go2_ws/install/go2_imu_bridge:/home/jaewoong/go2_ws/install/go2_bringup:/home/jaewoong/go2_ws/install/go2_driver:/home/jaewoong/go2_ws/install/go2_demo:/home/jaewoong/go2_ws/install/cango_driver:/home/jaewoong/go2_ws/install/unitree_go:/home/jaewoong/go2_ws/install/unitree_api:/home/jaewoong/go2_ws/install/serial_joy_receiver:/home/jaewoong/go2_ws/install/rko_lio:/home/jaewoong/go2_ws/install/pgo:/home/jaewoong/go2_ws/install/localizer:/home/jaewoong/go2_ws/install/lio_sam_hesai:/home/jaewoong/go2_ws/install/hba:/home/jaewoong/go2_ws/install/interface:/home/jaewoong/go2_ws/install/hesai_ros_driver:/home/jaewoong/go2_ws/install/go2_rviz:/home/jaewoong/go2_ws/install/go2_interfaces:/home/jaewoong/go2_ws/install/go2_description:/home/jaewoong/go2_ws/install/fastlio2:/home/jaewoong/go2_ws/install/cango_msgs:/home/jaewoong/colcon_Ws/install/rs_motor_ros2:/home/jaewoong/colcon_Ws/install/robstride_dk:/home/jaewoong/colcon_Ws/install/robstride_motor_msgs:/home/jaewoong/ros2_ws/install/unitree_ros2_example:/home/jaewoong/ros2_ws/install/unitree_hg:/home/jaewoong/ros2_ws/install/unitree_go:/home/jaewoong/ros2_ws/install/unitree_api:/opt/ros/humble'), ('SHELL', '/bin/bash'), ('LC_NAME', 'ko_KR.UTF-8'), ('TERMINATOR_UUID', 'urn:uuid:c2919c15-d3cc-42a9-a96a-7b67eb430bca'), ('QT_ACCESSIBILITY', '1'), ('GDMSESSION', 'ubuntu'), ('LC_MEASUREMENT', 'ko_KR.UTF-8'), ('GPG_AGENT_INFO', '/run/user/1000/gnupg/S.gpg-agent:0:1'), ('LC_IDENTIFICATION', 'ko_KR.UTF-8'), ('QT_IM_MODULE', 'ibus'), ('PWD', '/home/jaewoong/go2_ws/src/serial_joy_receiver/build/serial_joy_receiver'), ('LC_ALL', 'en_US.UTF-8'), ('XDG_CONFIG_DIRS', '/etc/xdg/xdg-ubuntu:/etc/xdg'), ('XDG_DATA_DIRS', '/usr/share/ubuntu:/usr/share/gnome:/usr/local/share/:/usr/share/:/var/lib/snapd/desktop'), ('PYTHONPATH', '/home/jaewoong/go2_ws/install/go2_imu_bridge/lib/python3.10/site-packages:/home/jaewoong/go2_ws/install/unitree_go/local/lib/python3.10/dist-packages:/home/jaewoong/go2_ws/install/unitree_api/local/lib/python3.10/dist-packages:/home/jaewoong/go2_ws/install/lio_sam_hesai/local/lib/python3.10/dist-packages:/home/jaewoong/go2_ws/install/interface/local/lib/python3.10/dist-packages:/home/jaewoong/go2_ws/install/hesai_ros_driver/local/lib/python3.10/dist-packages:/home/jaewoong/go2_ws/install/go2_interfaces/local/lib/python3.10/dist-packages:/home/jaewoong/go2_ws/install/cango_msgs/local/lib/python3.10/dist-packages:/home/jaewoong/colcon_Ws/install/robstride_motor_msgs/local/lib/python3.10/dist-packages:/home/jaewoong/ros2_ws/install/unitree_hg/local/lib/python3.10/dist-packages:/home/jaewoong/ros2_ws/install/unitree_go/local/lib/python3.10/dist-packages:/home/jaewoong/ros2_ws/install/unitree_api/local/lib/python3.10/dist-packages:/opt/ros/humble/lib/python3.10/site-packages:/opt/ros/humble/local/lib/python3.10/dist-packages'), ('LC_NUMERIC', 'ko_KR.UTF-8'), ('LC_PAPER', 'ko_KR.UTF-8'), ('COLCON', '1'), ('VTE_VERSION', '6800'), ('CMAKE_PREFIX_PATH', '/home/jaewoong/go2_ws/install/unitree_ros2_example:/home/jaewoong/go2_ws/install/go2_robot:/home/jaewoong/go2_ws/install/go2_bringup:/home/jaewoong/go2_ws/install/go2_driver:/home/jaewoong/go2_ws/install/go2_demo:/home/jaewoong/go2_ws/install/cango_driver:/home/jaewoong/go2_ws/install/unitree_go:/home/jaewoong/go2_ws/install/unitree_api:/home/jaewoong/go2_ws/install/serial_joy_receiver:/home/jaewoong/go2_ws/install/rko_lio:/home/jaewoong/go2_ws/install/pgo:/home/jaewoong/go2_ws/install/localizer:/home/jaewoong/go2_ws/install/lio_sam_hesai:/home/jaewoong/go2_ws/install/hba:/home/jaewoong/go2_ws/install/interface:/home/jaewoong/go2_ws/install/hesai_ros_driver:/home/jaewoong/go2_ws/install/go2_rviz:/home/jaewoong/go2_ws/install/go2_interfaces:/home/jaewoong/go2_ws/install/go2_description:/home/jaewoong/go2_ws/install/fastlio2:/home/jaewoong/go2_ws/install/cango_msgs:/home/jaewoong/colcon_Ws/install/rs_motor_ros2:/home/jaewoong/colcon_Ws/install/robstride_dk:/home/jaewoong/colcon_Ws/install/robstride_motor_msgs:/home/jaewoong/ros2_ws/install/unitree_ros2_example:/home/jaewoong/ros2_ws/install/unitree_hg:/home/jaewoong/ros2_ws/install/unitree_go:/home/jaewoong/ros2_ws/install/unitree_api:/home/jaewoong/go2_ws/install/go2_imu_bridge:/opt/ros/humble')]), 'shell': False}
[5.433819] (serial_joy_receiver) StdoutLine: {'line': b'-- Install configuration: ""\n'}
[5.433994] (serial_joy_receiver) StdoutLine: {'line': b'-- Installing: /home/jaewoong/go2_ws/src/serial_joy_receiver/install/serial_joy_receiver/lib/serial_joy_receiver/serial_joystick_receiver\n'}
[5.435296] (serial_joy_receiver) StdoutLine: {'line': b'-- Set runtime path of "/home/jaewoong/go2_ws/src/serial_joy_receiver/install/serial_joy_receiver/lib/serial_joy_receiver/serial_joystick_receiver" to ""\n'}
[5.435458] (serial_joy_receiver) StdoutLine: {'line': b'-- Installing: /home/jaewoong/go2_ws/src/serial_joy_receiver/install/serial_joy_receiver/lib/serial_joy_receiver/serial_trigger_sender\n'}
[5.437249] (serial_joy_receiver) StdoutLine: {'line': b'-- Set runtime path of "/home/jaewoong/go2_ws/src/serial_joy_receiver/install/serial_joy_receiver/lib/serial_joy_receiver/serial_trigger_sender" to ""\n'}
[5.437411] (serial_joy_receiver) StdoutLine: {'line': b'-- Installing: /home/jaewoong/go2_ws/src/serial_joy_receiver/install/serial_joy_receiver/share/serial_joy_receiver/config\n'}
[5.437456] (serial_joy_receiver) StdoutLine: {'line': b'-- Installing: /home/jaewoong/go2_ws/src/serial_joy_receiver/install/serial_joy_receiver/share/serial_joy_receiver/config/serial_joy_receiver.yaml\n'}
[5.437492] (serial_joy_receiver) StdoutLine: {'line': b'-- Installing: /home/jaewoong/go2_ws/src/serial_joy_receiver/install/serial_joy_receiver/share/serial_joy_receiver/launch\n'}
[5.437531] (serial_joy_receiver) StdoutLine: {'line': b'-- Installing: /home/jaewoong/go2_ws/src/serial_joy_receiver/install/serial_joy_receiver/share/serial_joy_receiver/launch/serial_joy_receiver.launch.py\n'}
[5.437567] (serial_joy_receiver) StdoutLine: {'line': b'-- Installing: /home/jaewoong/go2_ws/src/serial_joy_receiver/install/serial_joy_receiver/share/ament_index/resource_index/package_run_dependencies/serial_joy_receiver\n'}
[5.437643] (serial_joy_receiver) StdoutLine: {'line': b'-- Installing: /home/jaewoong/go2_ws/src/serial_joy_receiver/install/serial_joy_receiver/share/ament_index/resource_index/parent_prefix_path/serial_joy_receiver\n'}
[5.437680] (serial_joy_receiver) StdoutLine: {'line': b'-- Installing: /home/jaewoong/go2_ws/src/serial_joy_receiver/install/serial_joy_receiver/share/serial_joy_receiver/environment/ament_prefix_path.sh\n'}
[5.437742] (serial_joy_receiver) StdoutLine: {'line': b'-- Installing: /home/jaewoong/go2_ws/src/serial_joy_receiver/install/serial_joy_receiver/share/serial_joy_receiver/environment/ament_prefix_path.dsv\n'}
[5.437774] (serial_joy_receiver) StdoutLine: {'line': b'-- Installing: /home/jaewoong/go2_ws/src/serial_joy_receiver/install/serial_joy_receiver/share/serial_joy_receiver/environment/path.sh\n'}
[5.437805] (serial_joy_receiver) StdoutLine: {'line': b'-- Installing: /home/jaewoong/go2_ws/src/serial_joy_receiver/install/serial_joy_receiver/share/serial_joy_receiver/environment/path.dsv\n'}
[5.437835] (serial_joy_receiver) StdoutLine: {'line': b'-- Installing: /home/jaewoong/go2_ws/src/serial_joy_receiver/install/serial_joy_receiver/share/serial_joy_receiver/local_setup.bash\n'}
[5.437865] (serial_joy_receiver) StdoutLine: {'line': b'-- Installing: /home/jaewoong/go2_ws/src/serial_joy_receiver/install/serial_joy_receiver/share/serial_joy_receiver/local_setup.sh\n'}
[5.437903] (serial_joy_receiver) StdoutLine: {'line': b'-- Installing: /home/jaewoong/go2_ws/src/serial_joy_receiver/install/serial_joy_receiver/share/serial_joy_receiver/local_setup.zsh\n'}
[5.438094] (serial_joy_receiver) StdoutLine: {'line': b'-- Installing: /home/jaewoong/go2_ws/src/serial_joy_receiver/install/serial_joy_receiver/share/serial_joy_receiver/local_setup.dsv\n'}
[5.438178] (serial_joy_receiver) StdoutLine: {'line': b'-- Installing: /home/jaewoong/go2_ws/src/serial_joy_receiver/install/serial_joy_receiver/share/serial_joy_receiver/package.dsv\n'}
[5.438234] (serial_joy_receiver) StdoutLine: {'line': b'-- Installing: /home/jaewoong/go2_ws/src/serial_joy_receiver/install/serial_joy_receiver/share/ament_index/resource_index/packages/serial_joy_receiver\n'}
[5.438266] (serial_joy_receiver) StdoutLine: {'line': b'-- Installing: /home/jaewoong/go2_ws/src/serial_joy_receiver/install/serial_joy_receiver/share/serial_joy_receiver/cmake/serial_joy_receiverConfig.cmake\n'}
[5.438297] (serial_joy_receiver) StdoutLine: {'line': b'-- Installing: /home/jaewoong/go2_ws/src/serial_joy_receiver/install/serial_joy_receiver/share/serial_joy_receiver/cmake/serial_joy_receiverConfig-version.cmake\n'}
[5.438327] (serial_joy_receiver) StdoutLine: {'line': b'-- Installing: /home/jaewoong/go2_ws/src/serial_joy_receiver/install/serial_joy_receiver/share/serial_joy_receiver/package.xml\n'}
[5.439265] (serial_joy_receiver) CommandEnded: {'returncode': 0}
[5.452726] (serial_joy_receiver) JobEnded: {'identifier': 'serial_joy_receiver', 'rc': 0}
[5.453184] (-) EventReactorShutdown: {}
