[0.078s] DEBUG:colcon:Command line arguments: ['/usr/bin/colcon', 'build', '--packages-select', 'serial_joy_receiver']
[0.078s] DEBUG:colcon:Parsed command line arguments: Namespace(log_base=None, log_level=None, verb_name='build', build_base='build', install_base='install', merge_install=False, symlink_install=False, test_result_base=None, continue_on_error=False, executor='parallel', parallel_workers=32, event_handlers=None, ignore_user_meta=False, metas=['./colcon.meta'], base_paths=['.'], packages_ignore=None, packages_ignore_regex=None, paths=None, packages_up_to=None, packages_up_to_regex=None, packages_above=None, packages_above_and_dependencies=None, packages_above_depth=None, packages_select_by_dep=None, packages_skip_by_dep=None, packages_skip_up_to=None, packages_select_build_failed=False, packages_skip_build_finished=False, packages_select_test_failures=False, packages_skip_test_passed=False, packages_select=['serial_joy_receiver'], packages_skip=None, packages_select_regex=None, packages_skip_regex=None, packages_start=None, packages_end=None, allow_overriding=[], cmake_args=None, cmake_target=None, cmake_target_skip_unavailable=False, cmake_clean_cache=False, cmake_clean_first=False, cmake_force_configure=False, ament_cmake_args=None, catkin_cmake_args=None, catkin_skip_building_tests=False, mixin_files=None, mixin=None, verb_parser=<colcon_mixin.mixin.mixin_argument.MixinArgumentDecorator object at 0x706e2e29ca00>, verb_extension=<colcon_core.verb.build.BuildVerb object at 0x706e2e38dae0>, main=<bound method BuildVerb.main of <colcon_core.verb.build.BuildVerb object at 0x706e2e38dae0>>, mixin_verb=('build',))
[0.199s] Level 1:colcon.colcon_core.package_discovery:discover_packages(colcon_meta) check parameters
[0.199s] Level 1:colcon.colcon_core.package_discovery:discover_packages(recursive) check parameters
[0.199s] Level 1:colcon.colcon_core.package_discovery:discover_packages(ignore) check parameters
[0.199s] Level 1:colcon.colcon_core.package_discovery:discover_packages(path) check parameters
[0.199s] Level 1:colcon.colcon_core.package_discovery:discover_packages(colcon_meta) discover
[0.199s] Level 1:colcon.colcon_core.package_discovery:discover_packages(recursive) discover
[0.199s] INFO:colcon.colcon_core.package_discovery:Crawling recursively for packages in '/home/jaewoong/go2_ws/src/serial_joy_receiver'
[0.199s] Level 1:colcon.colcon_core.package_identification:_identify(.) by extensions ['ignore', 'ignore_ament_install']
[0.200s] Level 1:colcon.colcon_core.package_identification:_identify(.) by extension 'ignore'
[0.200s] Level 1:colcon.colcon_core.package_identification:_identify(.) by extension 'ignore_ament_install'
[0.200s] Level 1:colcon.colcon_core.package_identification:_identify(.) by extensions ['colcon_pkg']
[0.200s] Level 1:colcon.colcon_core.package_identification:_identify(.) by extension 'colcon_pkg'
[0.200s] Level 1:colcon.colcon_core.package_identification:_identify(.) by extensions ['colcon_meta']
[0.200s] Level 1:colcon.colcon_core.package_identification:_identify(.) by extension 'colcon_meta'
[0.200s] Level 1:colcon.colcon_core.package_identification:_identify(.) by extensions ['ros']
[0.200s] Level 1:colcon.colcon_core.package_identification:_identify(.) by extension 'ros'
[0.209s] DEBUG:colcon.colcon_core.package_identification:Package '.' with type 'ros.ament_cmake' and name 'serial_joy_receiver'
[0.209s] Level 1:colcon.colcon_core.package_discovery:discover_packages(recursive) using defaults
[0.210s] Level 1:colcon.colcon_core.package_discovery:discover_packages(ignore) discover
[0.210s] Level 1:colcon.colcon_core.package_discovery:discover_packages(ignore) using defaults
[0.210s] Level 1:colcon.colcon_core.package_discovery:discover_packages(path) discover
[0.210s] Level 1:colcon.colcon_core.package_discovery:discover_packages(path) using defaults
[0.231s] Level 1:colcon.colcon_core.package_discovery:discover_packages(prefix_path) check parameters
[0.231s] Level 1:colcon.colcon_core.package_discovery:discover_packages(prefix_path) discover
[0.232s] DEBUG:colcon.colcon_installed_package_information.package_discovery:Found 4 installed packages in /home/jaewoong/colcon_Ws/install
[0.233s] DEBUG:colcon.colcon_installed_package_information.package_discovery:Found 22 installed packages in /home/jaewoong/go2_ws/install
[0.233s] DEBUG:colcon.colcon_installed_package_information.package_discovery:Found 4 installed packages in /home/jaewoong/ros2_ws/install
[0.234s] DEBUG:colcon.colcon_installed_package_information.package_discovery:Found 284 installed packages in /opt/ros/humble
[0.235s] Level 1:colcon.colcon_core.package_discovery:discover_packages(prefix_path) using defaults
[0.257s] Level 5:colcon.colcon_core.verb:set package 'serial_joy_receiver' build argument 'cmake_args' from command line to 'None'
[0.257s] Level 5:colcon.colcon_core.verb:set package 'serial_joy_receiver' build argument 'cmake_target' from command line to 'None'
[0.257s] Level 5:colcon.colcon_core.verb:set package 'serial_joy_receiver' build argument 'cmake_target_skip_unavailable' from command line to 'False'
[0.257s] Level 5:colcon.colcon_core.verb:set package 'serial_joy_receiver' build argument 'cmake_clean_cache' from command line to 'False'
[0.257s] Level 5:colcon.colcon_core.verb:set package 'serial_joy_receiver' build argument 'cmake_clean_first' from command line to 'False'
[0.257s] Level 5:colcon.colcon_core.verb:set package 'serial_joy_receiver' build argument 'cmake_force_configure' from command line to 'False'
[0.257s] Level 5:colcon.colcon_core.verb:set package 'serial_joy_receiver' build argument 'ament_cmake_args' from command line to 'None'
[0.257s] Level 5:colcon.colcon_core.verb:set package 'serial_joy_receiver' build argument 'catkin_cmake_args' from command line to 'None'
[0.257s] Level 5:colcon.colcon_core.verb:set package 'serial_joy_receiver' build argument 'catkin_skip_building_tests' from command line to 'False'
[0.258s] DEBUG:colcon.colcon_core.verb:Building package 'serial_joy_receiver' with the following arguments: {'ament_cmake_args': None, 'build_base': '/home/jaewoong/go2_ws/src/serial_joy_receiver/build/serial_joy_receiver', 'catkin_cmake_args': None, 'catkin_skip_building_tests': False, 'cmake_args': None, 'cmake_clean_cache': False, 'cmake_clean_first': False, 'cmake_force_configure': False, 'cmake_target': None, 'cmake_target_skip_unavailable': False, 'install_base': '/home/jaewoong/go2_ws/src/serial_joy_receiver/install/serial_joy_receiver', 'merge_install': False, 'path': '/home/jaewoong/go2_ws/src/serial_joy_receiver', 'symlink_install': False, 'test_result_base': None}
[0.258s] INFO:colcon.colcon_core.executor:Executing jobs using 'parallel' executor
[0.258s] DEBUG:colcon.colcon_parallel_executor.executor.parallel:run_until_complete
[0.259s] INFO:colcon.colcon_ros.task.ament_cmake.build:Building ROS package in '/home/jaewoong/go2_ws/src/serial_joy_receiver' with build type 'ament_cmake'
[0.259s] INFO:colcon.colcon_cmake.task.cmake.build:Building CMake package in '/home/jaewoong/go2_ws/src/serial_joy_receiver'
[0.260s] INFO:colcon.colcon_core.plugin_system:Skipping extension 'colcon_core.shell.bat': Not used on non-Windows systems
[0.260s] INFO:colcon.colcon_core.shell:Skip shell extension 'powershell' for command environment: Not usable outside of PowerShell
[0.260s] DEBUG:colcon.colcon_core.shell:Skip shell extension 'dsv' for command environment
[0.268s] DEBUG:colcon.colcon_core.event_handler.log_command:Invoking command in '/home/jaewoong/go2_ws/src/serial_joy_receiver/build/serial_joy_receiver': CMAKE_PREFIX_PATH=${CMAKE_PREFIX_PATH}:/home/jaewoong/go2_ws/install/go2_imu_bridge:/opt/ros/humble /usr/bin/cmake --build /home/jaewoong/go2_ws/src/serial_joy_receiver/build/serial_joy_receiver -- -j32 -l32
[5.675s] DEBUG:colcon.colcon_core.event_handler.log_command:Invoked command in '/home/jaewoong/go2_ws/src/serial_joy_receiver/build/serial_joy_receiver' returned '0': CMAKE_PREFIX_PATH=${CMAKE_PREFIX_PATH}:/home/jaewoong/go2_ws/install/go2_imu_bridge:/opt/ros/humble /usr/bin/cmake --build /home/jaewoong/go2_ws/src/serial_joy_receiver/build/serial_joy_receiver -- -j32 -l32
[5.685s] DEBUG:colcon.colcon_core.event_handler.log_command:Invoking command in '/home/jaewoong/go2_ws/src/serial_joy_receiver/build/serial_joy_receiver': CMAKE_PREFIX_PATH=${CMAKE_PREFIX_PATH}:/home/jaewoong/go2_ws/install/go2_imu_bridge:/opt/ros/humble /usr/bin/cmake --install /home/jaewoong/go2_ws/src/serial_joy_receiver/build/serial_joy_receiver
[5.697s] Level 1:colcon.colcon_core.environment:create_environment_scripts_only(serial_joy_receiver)
[5.698s] DEBUG:colcon.colcon_core.event_handler.log_command:Invoked command in '/home/jaewoong/go2_ws/src/serial_joy_receiver/build/serial_joy_receiver' returned '0': CMAKE_PREFIX_PATH=${CMAKE_PREFIX_PATH}:/home/jaewoong/go2_ws/install/go2_imu_bridge:/opt/ros/humble /usr/bin/cmake --install /home/jaewoong/go2_ws/src/serial_joy_receiver/build/serial_joy_receiver
[5.700s] Level 1:colcon.colcon_core.environment:checking '/home/jaewoong/go2_ws/src/serial_joy_receiver/install/serial_joy_receiver' for CMake module files
[5.700s] Level 1:colcon.colcon_core.environment:checking '/home/jaewoong/go2_ws/src/serial_joy_receiver/install/serial_joy_receiver' for CMake config files
[5.701s] Level 1:colcon.colcon_core.shell:create_environment_hook('serial_joy_receiver', 'cmake_prefix_path')
[5.701s] INFO:colcon.colcon_core.shell:Creating environment hook '/home/jaewoong/go2_ws/src/serial_joy_receiver/install/serial_joy_receiver/share/serial_joy_receiver/hook/cmake_prefix_path.ps1'
[5.701s] INFO:colcon.colcon_core.shell:Creating environment descriptor '/home/jaewoong/go2_ws/src/serial_joy_receiver/install/serial_joy_receiver/share/serial_joy_receiver/hook/cmake_prefix_path.dsv'
[5.702s] INFO:colcon.colcon_core.shell:Creating environment hook '/home/jaewoong/go2_ws/src/serial_joy_receiver/install/serial_joy_receiver/share/serial_joy_receiver/hook/cmake_prefix_path.sh'
[5.702s] Level 1:colcon.colcon_core.environment:checking '/home/jaewoong/go2_ws/src/serial_joy_receiver/install/serial_joy_receiver/lib'
[5.703s] Level 1:colcon.colcon_core.environment:checking '/home/jaewoong/go2_ws/src/serial_joy_receiver/install/serial_joy_receiver/bin'
[5.703s] Level 1:colcon.colcon_core.environment:checking '/home/jaewoong/go2_ws/src/serial_joy_receiver/install/serial_joy_receiver/lib/pkgconfig/serial_joy_receiver.pc'
[5.703s] Level 1:colcon.colcon_core.environment:checking '/home/jaewoong/go2_ws/src/serial_joy_receiver/install/serial_joy_receiver/lib/python3.10/site-packages'
[5.703s] Level 1:colcon.colcon_core.environment:checking '/home/jaewoong/go2_ws/src/serial_joy_receiver/install/serial_joy_receiver/bin'
[5.703s] INFO:colcon.colcon_core.shell:Creating package script '/home/jaewoong/go2_ws/src/serial_joy_receiver/install/serial_joy_receiver/share/serial_joy_receiver/package.ps1'
[5.704s] INFO:colcon.colcon_core.shell:Creating package descriptor '/home/jaewoong/go2_ws/src/serial_joy_receiver/install/serial_joy_receiver/share/serial_joy_receiver/package.dsv'
[5.705s] INFO:colcon.colcon_core.shell:Creating package script '/home/jaewoong/go2_ws/src/serial_joy_receiver/install/serial_joy_receiver/share/serial_joy_receiver/package.sh'
[5.705s] INFO:colcon.colcon_core.shell:Creating package script '/home/jaewoong/go2_ws/src/serial_joy_receiver/install/serial_joy_receiver/share/serial_joy_receiver/package.bash'
[5.706s] INFO:colcon.colcon_core.shell:Creating package script '/home/jaewoong/go2_ws/src/serial_joy_receiver/install/serial_joy_receiver/share/serial_joy_receiver/package.zsh'
[5.707s] Level 1:colcon.colcon_core.environment:create_file_with_runtime_dependencies(/home/jaewoong/go2_ws/src/serial_joy_receiver/install/serial_joy_receiver/share/colcon-core/packages/serial_joy_receiver)
[5.707s] Level 1:colcon.colcon_core.environment:create_environment_scripts_only(serial_joy_receiver)
[5.707s] Level 1:colcon.colcon_core.environment:checking '/home/jaewoong/go2_ws/src/serial_joy_receiver/install/serial_joy_receiver' for CMake module files
[5.707s] Level 1:colcon.colcon_core.environment:checking '/home/jaewoong/go2_ws/src/serial_joy_receiver/install/serial_joy_receiver' for CMake config files
[5.708s] Level 1:colcon.colcon_core.shell:create_environment_hook('serial_joy_receiver', 'cmake_prefix_path')
[5.708s] INFO:colcon.colcon_core.shell:Creating environment hook '/home/jaewoong/go2_ws/src/serial_joy_receiver/install/serial_joy_receiver/share/serial_joy_receiver/hook/cmake_prefix_path.ps1'
[5.708s] INFO:colcon.colcon_core.shell:Creating environment descriptor '/home/jaewoong/go2_ws/src/serial_joy_receiver/install/serial_joy_receiver/share/serial_joy_receiver/hook/cmake_prefix_path.dsv'
[5.708s] INFO:colcon.colcon_core.shell:Creating environment hook '/home/jaewoong/go2_ws/src/serial_joy_receiver/install/serial_joy_receiver/share/serial_joy_receiver/hook/cmake_prefix_path.sh'
[5.709s] Level 1:colcon.colcon_core.environment:checking '/home/jaewoong/go2_ws/src/serial_joy_receiver/install/serial_joy_receiver/lib'
[5.709s] Level 1:colcon.colcon_core.environment:checking '/home/jaewoong/go2_ws/src/serial_joy_receiver/install/serial_joy_receiver/bin'
[5.709s] Level 1:colcon.colcon_core.environment:checking '/home/jaewoong/go2_ws/src/serial_joy_receiver/install/serial_joy_receiver/lib/pkgconfig/serial_joy_receiver.pc'
[5.709s] Level 1:colcon.colcon_core.environment:checking '/home/jaewoong/go2_ws/src/serial_joy_receiver/install/serial_joy_receiver/lib/python3.10/site-packages'
[5.709s] Level 1:colcon.colcon_core.environment:checking '/home/jaewoong/go2_ws/src/serial_joy_receiver/install/serial_joy_receiver/bin'
[5.709s] INFO:colcon.colcon_core.shell:Creating package script '/home/jaewoong/go2_ws/src/serial_joy_receiver/install/serial_joy_receiver/share/serial_joy_receiver/package.ps1'
[5.710s] INFO:colcon.colcon_core.shell:Creating package descriptor '/home/jaewoong/go2_ws/src/serial_joy_receiver/install/serial_joy_receiver/share/serial_joy_receiver/package.dsv'
[5.710s] INFO:colcon.colcon_core.shell:Creating package script '/home/jaewoong/go2_ws/src/serial_joy_receiver/install/serial_joy_receiver/share/serial_joy_receiver/package.sh'
[5.710s] INFO:colcon.colcon_core.shell:Creating package script '/home/jaewoong/go2_ws/src/serial_joy_receiver/install/serial_joy_receiver/share/serial_joy_receiver/package.bash'
[5.710s] INFO:colcon.colcon_core.shell:Creating package script '/home/jaewoong/go2_ws/src/serial_joy_receiver/install/serial_joy_receiver/share/serial_joy_receiver/package.zsh'
[5.711s] Level 1:colcon.colcon_core.environment:create_file_with_runtime_dependencies(/home/jaewoong/go2_ws/src/serial_joy_receiver/install/serial_joy_receiver/share/colcon-core/packages/serial_joy_receiver)
[5.711s] DEBUG:colcon.colcon_parallel_executor.executor.parallel:closing loop
[5.711s] DEBUG:colcon.colcon_parallel_executor.executor.parallel:loop closed
[5.711s] DEBUG:colcon.colcon_parallel_executor.executor.parallel:run_until_complete finished with '0'
[5.711s] DEBUG:colcon.colcon_core.event_reactor:joining thread
[5.714s] INFO:colcon.colcon_core.plugin_system:Skipping extension 'colcon_notification.desktop_notification.terminal_notifier': Not used on non-Darwin systems
[5.714s] INFO:colcon.colcon_core.plugin_system:Skipping extension 'colcon_notification.desktop_notification.win32': Not used on non-Windows systems
[5.714s] INFO:colcon.colcon_notification.desktop_notification:Sending desktop notification using 'notify2'
[5.725s] DEBUG:colcon.colcon_core.event_reactor:joined thread
[5.725s] INFO:colcon.colcon_core.shell:Creating prefix script '/home/jaewoong/go2_ws/src/serial_joy_receiver/install/local_setup.ps1'
[5.726s] INFO:colcon.colcon_core.shell:Creating prefix util module '/home/jaewoong/go2_ws/src/serial_joy_receiver/install/_local_setup_util_ps1.py'
[5.727s] INFO:colcon.colcon_core.shell:Creating prefix chain script '/home/jaewoong/go2_ws/src/serial_joy_receiver/install/setup.ps1'
[5.729s] INFO:colcon.colcon_core.shell:Creating prefix script '/home/jaewoong/go2_ws/src/serial_joy_receiver/install/local_setup.sh'
[5.729s] INFO:colcon.colcon_core.shell:Creating prefix util module '/home/jaewoong/go2_ws/src/serial_joy_receiver/install/_local_setup_util_sh.py'
[5.729s] INFO:colcon.colcon_core.shell:Creating prefix chain script '/home/jaewoong/go2_ws/src/serial_joy_receiver/install/setup.sh'
[5.731s] INFO:colcon.colcon_core.shell:Creating prefix script '/home/jaewoong/go2_ws/src/serial_joy_receiver/install/local_setup.bash'
[5.731s] INFO:colcon.colcon_core.shell:Creating prefix chain script '/home/jaewoong/go2_ws/src/serial_joy_receiver/install/setup.bash'
[5.733s] INFO:colcon.colcon_core.shell:Creating prefix script '/home/jaewoong/go2_ws/src/serial_joy_receiver/install/local_setup.zsh'
[5.733s] INFO:colcon.colcon_core.shell:Creating prefix chain script '/home/jaewoong/go2_ws/src/serial_joy_receiver/install/setup.zsh'
